mixture_421_qSXuOkxLilMlvHJ_2021-08-1518:18:44.665015+00:00OPLaK.wav
error
mixture_416_qSXuOkxLilMlvHJ_2021-08-1518:13:14.641288+00:00IkCwr.wav
error
mixture_425_qSXuOkxLilMlvHJ_2021-08-1518:22:21.873031+00:00ufAHI.wav
error
mixture_419_qSXuOkxLilMlvHJ_2021-08-1518:15:59.914984+00:00cvHQV.wav
error
mixture_423_qSXuOkxLilMlvHJ_2021-08-1518:20:53.257060+00:00XrMNJ.wav
error
mixture_422_qSXuOkxLilMlvHJ_2021-08-1518:20:00.666538+00:00oLMPN.wav
error
mixture_424_qSXuOkxLilMlvHJ_2021-08-1518:21:30.279207+00:00fCgmr.wav
error
mixture_418_qSXuOkxLilMlvHJ_2021-08-1518:15:08.443489+00:00Gxyyl.wav
error
mixture_417_qSXuOkxLilMlvHJ_2021-08-1518:14:04.051176+00:00TjfMK.wav
error
mixture_420_qSXuOkxLilMlvHJ_2021-08-1518:17:38.213023+00:00LxehR.wav
error
mixture_221_owCcWVYXKEWKBXR_2021-08-1122:37:25.902170+00:00Cosmz.wav
error
early_collection1_mixture_218.wav
error
early_collection1_mixture_49.wav
error
early_collection1_mixture_188.wav
error
early_collection1_mixture_202.wav
error
early_collection1_mixture_144.wav
error
early_collection1_mixture_215.wav
error
early_collection1_mixture_174.wav
error
early_collection1_mixture_107.wav
error
early_collection1_mixture_225.wav
error
early_collection1_mixture_75.wav
error
early_collection1_mixture_204.wav
error
early_collection1_mixture_236.wav
error
early_collection1_mixture_33.wav
error
early_collection1_mixture_169.wav
error
early_collection1_mixture_99.wav
error
early_collection1_mixture_161.wav
error
early_collection1_mixture_135.wav
error
early_collection1_mixture_222.wav
error
early_collection1_mixture_83.wav
error
early_collection1_mixture_157.wav
error
early_collection1_mixture_41.wav
error
early_collection1_mixture_219.wav
error
early_collection1_mixture_65.wav
error
early_collection1_mixture_194.wav
error
early_collection1_mixture_239.wav
error
early_collection1_mixture_212.wav
error
early_collection1_mixture_52.wav
error
early_collection1_mixture_72.wav
error
early_collection1_mixture_152.wav
error
early_collection1_mixture_203.wav
error
early_collection1_mixture_221.wav
error
early_collection1_mixture_71.wav
error
early_collection1_mixture_104.wav
error
early_collection1_mixture_151.wav
error
early_collection1_mixture_108.wav
error
early_collection1_mixture_111.wav
error
early_collection1_mixture_193.wav
error
early_collection1_mixture_178.wav
error
early_collection1_mixture_117.wav
error
early_collection1_mixture_200.wav
error
early_collection1_mixture_210.wav
error
early_collection1_mixture_110.wav
error
early_collection1_mixture_22.wav
error
early_collection1_mixture_30.wav
error
early_collection1_mixture_118.wav
error
early_collection1_mixture_112.wav
error
early_collection1_mixture_70.wav
error
early_collection1_mixture_25.wav
error
early_collection1_mixture_139.wav
error
early_collection1_mixture_6.wav
error
early_collection1_mixture_146.wav
error
early_collection1_mixture_201.wav
error
early_collection1_mixture_165.wav
error
early_collection1_mixture_69.wav
error
early_collection1_mixture_100.wav
error
early_collection1_mixture_132.wav
error
early_collection1_mixture_46.wav
error
early_collection1_mixture_191.wav
error
early_collection1_mixture_68.wav
error
early_collection1_mixture_208.wav
error
early_collection1_mixture_14.wav
error
early_collection1_mixture_126.wav
error
early_collection1_mixture_93.wav
error
early_collection1_mixture_220.wav
error
early_collection1_mixture_101.wav
error
early_collection1_mixture_17.wav
error
early_collection1_mixture_0.wav
error
early_collection1_mixture_23.wav
error
early_collection1_mixture_214.wav
error
early_collection1_mixture_31.wav
error
early_collection1_mixture_11.wav
error
early_collection1_mixture_32.wav
error
early_collection1_mixture_183.wav
error
early_collection1_mixture_56.wav
error
early_collection1_mixture_148.wav
error
early_collection1_mixture_67.wav
error
early_collection1_mixture_40.wav
error
early_collection1_mixture_213.wav
error
early_collection1_mixture_39.wav
error
early_collection1_mixture_129.wav
error
early_collection1_mixture_106.wav
error
early_collection1_mixture_170.wav
error
early_collection1_mixture_51.wav
error
early_collection1_mixture_113.wav
error
early_collection1_mixture_37.wav
error
early_collection1_mixture_42.wav
error
early_collection1_mixture_36.wav
error
early_collection1_mixture_3.wav
error
early_collection1_mixture_24.wav
error
early_collection1_mixture_95.wav
error
early_collection1_mixture_109.wav
error
early_collection1_mixture_145.wav
error
early_collection1_mixture_10.wav
error
early_collection1_mixture_137.wav
error
early_collection1_mixture_197.wav
error
early_collection1_mixture_173.wav
error
early_collection1_mixture_237.wav
error
early_collection1_mixture_114.wav
error
early_collection1_mixture_90.wav
error
early_collection1_mixture_234.wav
error
early_collection1_mixture_102.wav
error
early_collection1_mixture_158.wav
error
early_collection1_mixture_134.wav
error
early_collection1_mixture_160.wav
error
early_collection1_mixture_64.wav
error
early_collection1_mixture_172.wav
error
early_collection1_mixture_13.wav
error
early_collection1_mixture_122.wav
error
early_collection1_mixture_147.wav
error
early_collection1_mixture_238.wav
error
early_collection1_mixture_206.wav
error
early_collection1_mixture_53.wav
error
early_collection1_mixture_85.wav
error
early_collection1_mixture_115.wav
error
early_collection1_mixture_119.wav
error
early_collection1_mixture_143.wav
error
early_collection1_mixture_94.wav
error
early_collection1_mixture_29.wav
error
early_collection1_mixture_92.wav
error
early_collection1_mixture_195.wav
error
early_collection1_mixture_98.wav
error
early_collection1_mixture_228.wav
error
early_collection1_mixture_50.wav
error
early_collection1_mixture_149.wav
error
early_collection1_mixture_211.wav
error
early_collection1_mixture_180.wav
error
early_collection1_mixture_124.wav
error
early_collection1_mixture_142.wav
error
early_collection1_mixture_48.wav
error
early_collection1_mixture_131.wav
error
early_collection1_mixture_8.wav
error
early_collection1_mixture_164.wav
error
early_collection1_mixture_156.wav
error
early_collection1_mixture_136.wav
error
early_collection1_mixture_34.wav
error
early_collection1_mixture_15.wav
error
early_collection1_mixture_192.wav
error
early_collection1_mixture_27.wav
error
early_collection1_mixture_35.wav
error
early_collection1_mixture_168.wav
error
early_collection1_mixture_61.wav
error
early_collection1_mixture_176.wav
error
early_collection1_mixture_205.wav
error
early_collection1_mixture_89.wav
error
early_collection1_mixture_167.wav
error
early_collection1_mixture_55.wav
error
early_collection1_mixture_179.wav
error
early_collection1_mixture_16.wav
error
early_collection1_mixture_130.wav
error
early_collection1_mixture_184.wav
error
early_collection1_mixture_73.wav
error
early_collection1_mixture_60.wav
error
early_collection1_mixture_199.wav
error
early_collection1_mixture_187.wav
error
early_collection1_mixture_97.wav
error
early_collection1_mixture_78.wav
error
early_collection1_mixture_87.wav
error
early_collection1_mixture_77.wav
error
early_collection1_mixture_189.wav
error
early_collection1_mixture_229.wav
error
early_collection1_mixture_182.wav
error
early_collection1_mixture_84.wav
error
early_collection1_mixture_162.wav
error
early_collection1_mixture_207.wav
error
early_collection1_mixture_133.wav
error
early_collection1_mixture_62.wav
error
early_collection1_mixture_224.wav
error
early_collection1_mixture_185.wav
error
early_collection1_mixture_177.wav
error
early_collection1_mixture_1.wav
error
early_collection1_mixture_163.wav
error
early_collection1_mixture_21.wav
error
early_collection1_mixture_63.wav
error
early_collection1_mixture_166.wav
error
early_collection1_mixture_43.wav
error
early_collection1_mixture_223.wav
error
early_collection1_mixture_138.wav
error
early_collection1_mixture_153.wav
error
early_collection1_mixture_91.wav
error
early_collection1_mixture_2.wav
error
early_collection1_mixture_128.wav
error
early_collection1_mixture_181.wav
error
early_collection1_mixture_227.wav
error
early_collection1_mixture_20.wav
error
early_collection1_mixture_66.wav
error
early_collection1_mixture_233.wav
error
early_collection1_mixture_171.wav
error
early_collection1_mixture_154.wav
error
early_collection1_mixture_28.wav
error
early_collection1_mixture_120.wav
error
early_collection1_mixture_58.wav
error
early_collection1_mixture_76.wav
error
early_collection1_mixture_86.wav
error
early_collection1_mixture_80.wav
error
early_collection1_mixture_226.wav
error
early_collection1_mixture_123.wav
error
early_collection1_mixture_103.wav
error
early_collection1_mixture_47.wav
error
early_collection1_mixture_7.wav
error
early_collection1_mixture_209.wav
error
early_collection1_mixture_9.wav
error
early_collection1_mixture_159.wav
error
early_collection1_mixture_155.wav
error
early_collection1_mixture_217.wav
error
early_collection1_mixture_57.wav
error
early_collection1_mixture_232.wav
error
early_collection1_mixture_59.wav
error
early_collection1_mixture_79.wav
error
early_collection1_mixture_140.wav
error
early_collection1_mixture_105.wav
error
early_collection1_mixture_175.wav
error
early_collection1_mixture_231.wav
error
early_collection1_mixture_4.wav
error
early_collection1_mixture_125.wav
error
early_collection1_mixture_74.wav
error
early_collection1_mixture_127.wav
error
early_collection1_mixture_96.wav
error
early_collection1_mixture_81.wav
error
early_collection1_mixture_198.wav
error
early_collection1_mixture_44.wav
error
early_collection1_mixture_141.wav
error
early_collection1_mixture_121.wav
error
early_collection1_mixture_196.wav
error
early_collection1_mixture_235.wav
error
early_collection1_mixture_19.wav
error
early_collection1_mixture_12.wav
error
early_collection1_mixture_216.wav
error
early_collection1_mixture_18.wav
error
early_collection1_mixture_26.wav
error
early_collection1_mixture_5.wav
error
early_collection1_mixture_150.wav
error
early_collection1_mixture_116.wav
error
early_collection1_mixture_54.wav
error
early_collection1_mixture_230.wav
error
early_collection1_mixture_186.wav
error
early_collection1_mixture_38.wav
error
mixture_422_WNYMHqNwSYDauXq_2021-08-1915:55:57.445126+00:00gFlVQ.wav
error
mixture_420_WNYMHqNwSYDauXq_2021-08-1915:54:50.704492+00:00zGPXR.wav
error
mixture_410_WNYMHqNwSYDauXq_2021-08-1915:33:33.377775+00:00FEEGf.wav
error
mixture_434_WNYMHqNwSYDauXq_2021-08-1916:49:51.356267+00:00FdVaq.wav
error
mixture_425_WNYMHqNwSYDauXq_2021-08-1916:26:11.860590+00:00ueOrM.wav
error
mixture_416_WNYMHqNwSYDauXq_2021-08-1915:38:11.386483+00:00Zlkxp.wav
error
mixture_423_WNYMHqNwSYDauXq_2021-08-1915:57:16.250420+00:00NCBcN.wav
error
mixture_430_WNYMHqNwSYDauXq_2021-08-1916:47:40.590072+00:00HXVDl.wav
error
mixture_432_WNYMHqNwSYDauXq_2021-08-1916:48:43.275548+00:00JCjCO.wav
error
mixture_428_WNYMHqNwSYDauXq_2021-08-1916:46:28.350414+00:00TuUMs.wav
error
mixture_435_WNYMHqNwSYDauXq_2021-08-1917:08:50.527108+00:00bZmvD.wav
error
mixture_415_WNYMHqNwSYDauXq_2021-08-1915:37:26.778234+00:00hvifw.wav
error
mixture_418_WNYMHqNwSYDauXq_2021-08-1915:39:04.670794+00:00ZThlU.wav
error
mixture_431_WNYMHqNwSYDauXq_2021-08-1916:48:19.582690+00:00vGRWJ.wav
error
mixture_421_WNYMHqNwSYDauXq_2021-08-1915:55:35.478737+00:00DJKtP.wav
error
mixture_424_WNYMHqNwSYDauXq_2021-08-1915:57:39.613479+00:00TbQKm.wav
error
mixture_433_WNYMHqNwSYDauXq_2021-08-1916:49:09.436498+00:00FwXsp.wav
error
mixture_419_WNYMHqNwSYDauXq_2021-08-1915:39:31.463718+00:00DZqiL.wav
error
mixture_414_WNYMHqNwSYDauXq_2021-08-1915:37:00.570063+00:00LKiSu.wav
error
mixture_426_WNYMHqNwSYDauXq_2021-08-1916:45:42.772323+00:00yKmAT.wav
error
mixture_413_WNYMHqNwSYDauXq_2021-08-1915:36:37.855025+00:00BTHeU.wav
error
mixture_411_WNYMHqNwSYDauXq_2021-08-1915:34:45.282294+00:00dptzc.wav
error
mixture_417_WNYMHqNwSYDauXq_2021-08-1915:38:34.794717+00:00nbbUC.wav
error
mixture_429_WNYMHqNwSYDauXq_2021-08-1916:47:13.263279+00:00oLdEJ.wav
error
mixture_427_WNYMHqNwSYDauXq_2021-08-1916:46:06.377432+00:00pWWky.wav
error
mixture_412_WNYMHqNwSYDauXq_2021-08-1915:36:13.904640+00:00VSciU.wav
error
mixture_220_YRgDBeoITTAuBnQ_2021-08-1122:32:18.923548+00:00WwVHf.wav
error
mixture_357_sizIkhArVCIWDzA_2021-08-1812:17:33.120810+00:00wibKw.wav
error
mixture_332_sizIkhArVCIWDzA_2021-08-1811:56:01.156638+00:00RqxMe.wav
error
mixture_330_sizIkhArVCIWDzA_2021-08-1811:54:06.849382+00:00jmxod.wav
error
mixture_360_sizIkhArVCIWDzA_2021-08-1812:18:59.787541+00:00ANlyj.wav
error
mixture_353_sizIkhArVCIWDzA_2021-08-1812:16:51.040008+00:00XCvyj.wav
error
mixture_352_sizIkhArVCIWDzA_2021-08-1812:16:14.910243+00:00klain.wav
error
mixture_335_sizIkhArVCIWDzA_2021-08-1811:56:55.492015+00:00PNGmB.wav
error
mixture_365_sizIkhArVCIWDzA_2021-08-1812:19:50.651110+00:00Caedo.wav
error
mixture_342_sizIkhArVCIWDzA_2021-08-1812:13:34.834059+00:00qvAmh.wav
error
mixture_341_sizIkhArVCIWDzA_2021-08-1812:13:22.053178+00:00YEVFO.wav
error
mixture_364_sizIkhArVCIWDzA_2021-08-1812:19:37.559269+00:00UzCxc.wav
error
mixture_359_sizIkhArVCIWDzA_2021-08-1812:18:02.892867+00:00fvtTO.wav
error
mixture_329_sizIkhArVCIWDzA_2021-08-1811:53:35.032325+00:00svZqm.wav
error
mixture_356_sizIkhArVCIWDzA_2021-08-1812:17:23.037285+00:00jMsEG.wav
error
mixture_339_sizIkhArVCIWDzA_2021-08-1811:58:38.598710+00:00ncsOj.wav
error
mixture_346_sizIkhArVCIWDzA_2021-08-1812:14:36.903206+00:00TBvdn.wav
error
mixture_347_sizIkhArVCIWDzA_2021-08-1812:14:50.616626+00:00pGuux.wav
error
mixture_368_sizIkhArVCIWDzA_2021-08-1812:20:43.538533+00:00vCzrs.wav
error
mixture_367_sizIkhArVCIWDzA_2021-08-1812:20:17.953786+00:00HRETB.wav
error
mixture_355_sizIkhArVCIWDzA_2021-08-1812:17:13.046143+00:00YvzIi.wav
error
mixture_336_sizIkhArVCIWDzA_2021-08-1811:57:07.161119+00:00teIvd.wav
error
mixture_348_sizIkhArVCIWDzA_2021-08-1812:15:04.594986+00:00KTxkM.wav
error
mixture_328_sizIkhArVCIWDzA_2021-08-1811:52:58.169909+00:00VStMX.wav
error
mixture_358_sizIkhArVCIWDzA_2021-08-1812:17:54.840857+00:00GgjXS.wav
error
mixture_362_sizIkhArVCIWDzA_2021-08-1812:19:19.703782+00:00BKxTa.wav
error
mixture_334_sizIkhArVCIWDzA_2021-08-1811:56:44.319335+00:00LttLx.wav
error
mixture_351_sizIkhArVCIWDzA_2021-08-1812:16:03.813178+00:00hNROx.wav
error
mixture_366_sizIkhArVCIWDzA_2021-08-1812:20:04.604916+00:00JplJi.wav
error
mixture_361_sizIkhArVCIWDzA_2021-08-1812:19:09.992193+00:00ktfeB.wav
error
mixture_350_sizIkhArVCIWDzA_2021-08-1812:15:28.870499+00:00Qdktl.wav
error
mixture_331_sizIkhArVCIWDzA_2021-08-1811:54:49.750123+00:00jAbad.wav
error
mixture_363_sizIkhArVCIWDzA_2021-08-1812:19:28.930233+00:00ntPJC.wav
error
mixture_333_sizIkhArVCIWDzA_2021-08-1811:56:27.492468+00:00mrYpR.wav
error
mixture_345_sizIkhArVCIWDzA_2021-08-1812:14:24.572103+00:00wbxkV.wav
error
mixture_340_sizIkhArVCIWDzA_2021-08-1812:12:47.206460+00:00bvtFi.wav
error
mixture_344_sizIkhArVCIWDzA_2021-08-1812:14:02.070181+00:00TICSQ.wav
error
mixture_338_sizIkhArVCIWDzA_2021-08-1811:57:54.931580+00:00ntOKz.wav
error
mixture_349_sizIkhArVCIWDzA_2021-08-1812:15:16.799537+00:00WjgUm.wav
error
mixture_343_sizIkhArVCIWDzA_2021-08-1812:13:48.675592+00:00fZHug.wav
error
mixture_337_sizIkhArVCIWDzA_2021-08-1811:57:19.903707+00:00nNyQK.wav
error
mixture_354_sizIkhArVCIWDzA_2021-08-1812:17:04.551093+00:00ieRKS.wav
error
mixture_437_KlpYxfwPBQzAPhf_2021-08-2014:56:54.721184+00:00lCqIo.wav
error
mixture_436_KlpYxfwPBQzAPhf_2021-08-2014:55:06.787625+00:00fHzve.wav
error
mixture_400_fjuegLwrUpSQCxj_2021-08-1913:49:35.661895+00:00agSqN.wav
error
mixture_390_fjuegLwrUpSQCxj_2021-08-1913:42:05.489421+00:00ubCXs.wav
error
mixture_405_fjuegLwrUpSQCxj_2021-08-1913:52:41.762982+00:00Dtdoo.wav
error
mixture_395_fjuegLwrUpSQCxj_2021-08-1913:44:56.434616+00:00nVQas.wav
error
mixture_387_fjuegLwrUpSQCxj_2021-08-1913:40:29.324468+00:00tGxXb.wav
error
mixture_391_fjuegLwrUpSQCxj_2021-08-1913:42:31.904456+00:00SgBTm.wav
error
mixture_384_fjuegLwrUpSQCxj_2021-08-1913:38:27.860925+00:00xxsIl.wav
error
mixture_386_fjuegLwrUpSQCxj_2021-08-1913:39:57.311654+00:00jIpog.wav
error
mixture_396_fjuegLwrUpSQCxj_2021-08-1913:45:38.832556+00:00IChsn.wav
error
mixture_399_fjuegLwrUpSQCxj_2021-08-1913:48:16.827894+00:00PAuyG.wav
error
mixture_379_fjuegLwrUpSQCxj_2021-08-1912:55:28.127998+00:00sJKUp.wav
error
mixture_382_fjuegLwrUpSQCxj_2021-08-1913:36:44.478634+00:00jlJiX.wav
error
mixture_389_fjuegLwrUpSQCxj_2021-08-1913:41:28.902678+00:00yQwCI.wav
error
mixture_380_fjuegLwrUpSQCxj_2021-08-1912:56:17.632038+00:00KongY.wav
error
mixture_393_fjuegLwrUpSQCxj_2021-08-1913:43:41.318255+00:00UzLLc.wav
error
mixture_404_fjuegLwrUpSQCxj_2021-08-1913:52:01.208348+00:00KwucV.wav
error
mixture_392_fjuegLwrUpSQCxj_2021-08-1913:43:08.323212+00:00BHtjh.wav
error
mixture_388_fjuegLwrUpSQCxj_2021-08-1913:40:54.349960+00:00TcsOu.wav
error
mixture_402_fjuegLwrUpSQCxj_2021-08-1913:50:31.528565+00:00fNkHQ.wav
error
mixture_383_fjuegLwrUpSQCxj_2021-08-1913:37:14.227951+00:00fqbqJ.wav
error
mixture_397_fjuegLwrUpSQCxj_2021-08-1913:46:29.891328+00:00cGyLQ.wav
error
mixture_385_fjuegLwrUpSQCxj_2021-08-1913:39:25.953587+00:00HVAAg.wav
error
mixture_381_fjuegLwrUpSQCxj_2021-08-1912:57:56.258480+00:00XarSI.wav
error
mixture_394_fjuegLwrUpSQCxj_2021-08-1913:44:12.123369+00:00CRkTQ.wav
error
mixture_401_fjuegLwrUpSQCxj_2021-08-1913:50:01.866323+00:00XJKFd.wav
error
mixture_403_fjuegLwrUpSQCxj_2021-08-1913:51:14.190969+00:00UvtAJ.wav
error
mixture_398_fjuegLwrUpSQCxj_2021-08-1913:47:25.366615+00:00HLGzo.wav
error
mixture_158_PHMLOAQIXHpZZfv_2021-08-1715:35:30.324199+00:00OkCAy.wav
error
mixture_160_PHMLOAQIXHpZZfv_2021-08-1715:49:13.266154+00:00pxUqY.wav
error
mixture_161_PHMLOAQIXHpZZfv_2021-08-1715:51:14.205067+00:00CKHmF.wav
error
mixture_159_PHMLOAQIXHpZZfv_2021-08-1715:42:35.669403+00:00fuaWo.wav
error
mixture_31_NMfkOoHTZihuzYC_2021-08-2209:02:45.398850+00:00vGNUW.wav
error
mixture_28_NMfkOoHTZihuzYC_2021-08-2209:00:32.975576+00:00pDqoe.wav
error
mixture_32_NMfkOoHTZihuzYC_2021-08-2209:03:25.842043+00:00bRkpY.wav
error
mixture_30_NMfkOoHTZihuzYC_2021-08-2209:01:59.985275+00:00MSyOr.wav
error
mixture_29_NMfkOoHTZihuzYC_2021-08-2209:01:16.989296+00:00jItwJ.wav
error
mixture_27_NMfkOoHTZihuzYC_2021-08-2208:59:20.466328+00:00oJamJ.wav
error
mixture_127_qfbzuGxgBipBMzK_2021-08-0823:02:03.567154+00:00QonCG.wav
error
mixture_448_zmKhRawcYXqfSmc_2021-08-1613:27:02.961313+00:00rbBtq.wav
error
mixture_231_fskAvAGPqzJNPoc_2021-08-1219:40:29.949066+00:00vxckt.wav
error
mixture_230_fskAvAGPqzJNPoc_2021-08-1219:38:05.460139+00:00iCseB.wav
error
mixture_229_fskAvAGPqzJNPoc_2021-08-1219:32:54.768310+00:00iIRxe.wav
error
mixture_232_fskAvAGPqzJNPoc_2021-08-1219:43:14.107984+00:00sorka.wav
error
early_collection2_mixture_316.wav
error
early_collection2_mixture_209.wav
error
early_collection2_mixture_191.wav
error
early_collection2_mixture_254.wav
error
early_collection2_mixture_252.wav
error
early_collection2_mixture_23.wav
error
early_collection2_mixture_199.wav
error
early_collection2_mixture_164.wav
error
early_collection2_mixture_246.wav
error
early_collection2_mixture_268.wav
error
early_collection2_mixture_189.wav
error
early_collection2_mixture_322.wav
error
early_collection2_mixture_91.wav
error
early_collection2_mixture_288.wav
error
early_collection2_mixture_180.wav
error
early_collection2_mixture_60.wav
error
early_collection2_mixture_69.wav
error
early_collection2_mixture_71.wav
error
early_collection2_mixture_304.wav
error
early_collection2_mixture_279.wav
error
early_collection2_mixture_313.wav
error
early_collection2_mixture_175.wav
error
early_collection2_mixture_146.wav
error
early_collection2_mixture_77.wav
error
early_collection2_mixture_259.wav
error
early_collection2_mixture_258.wav
error
early_collection2_mixture_95.wav
error
early_collection2_mixture_19.wav
error
early_collection2_mixture_282.wav
error
early_collection2_mixture_61.wav
error
early_collection2_mixture_203.wav
error
early_collection2_mixture_200.wav
error
early_collection2_mixture_159.wav
error
early_collection2_mixture_206.wav
error
early_collection2_mixture_55.wav
error
early_collection2_mixture_228.wav
error
early_collection2_mixture_181.wav
error
early_collection2_mixture_112.wav
error
early_collection2_mixture_148.wav
error
early_collection2_mixture_100.wav
error
early_collection2_mixture_45.wav
error
early_collection2_mixture_325.wav
error
early_collection2_mixture_211.wav
error
early_collection2_mixture_262.wav
error
early_collection2_mixture_28.wav
error
early_collection2_mixture_243.wav
error
early_collection2_mixture_90.wav
error
early_collection2_mixture_47.wav
error
early_collection2_mixture_51.wav
error
early_collection2_mixture_221.wav
error
early_collection2_mixture_182.wav
error
early_collection2_mixture_167.wav
error
early_collection2_mixture_118.wav
error
early_collection2_mixture_320.wav
error
early_collection2_mixture_201.wav
error
early_collection2_mixture_109.wav
error
early_collection2_mixture_121.wav
error
early_collection2_mixture_256.wav
error
early_collection2_mixture_188.wav
error
early_collection2_mixture_286.wav
error
early_collection2_mixture_306.wav
error
early_collection2_mixture_176.wav
error
early_collection2_mixture_319.wav
error
early_collection2_mixture_134.wav
error
early_collection2_mixture_36.wav
error
early_collection2_mixture_68.wav
error
early_collection2_mixture_94.wav
error
early_collection2_mixture_255.wav
error
early_collection2_mixture_275.wav
error
early_collection2_mixture_297.wav
error
early_collection2_mixture_62.wav
error
early_collection2_mixture_161.wav
error
early_collection2_mixture_178.wav
error
early_collection2_mixture_308.wav
error
early_collection2_mixture_202.wav
error
early_collection2_mixture_59.wav
error
early_collection2_mixture_177.wav
error
early_collection2_mixture_311.wav
error
early_collection2_mixture_140.wav
error
early_collection2_mixture_220.wav
error
early_collection2_mixture_102.wav
error
early_collection2_mixture_303.wav
error
early_collection2_mixture_197.wav
error
early_collection2_mixture_160.wav
error
early_collection2_mixture_43.wav
error
early_collection2_mixture_48.wav
error
early_collection2_mixture_3.wav
error
early_collection2_mixture_217.wav
error
early_collection2_mixture_106.wav
error
early_collection2_mixture_17.wav
error
early_collection2_mixture_130.wav
error
early_collection2_mixture_5.wav
error
early_collection2_mixture_151.wav
error
early_collection2_mixture_194.wav
error
early_collection2_mixture_31.wav
error
early_collection2_mixture_281.wav
error
early_collection2_mixture_301.wav
error
early_collection2_mixture_13.wav
error
early_collection2_mixture_132.wav
error
early_collection2_mixture_174.wav
error
early_collection2_mixture_84.wav
error
early_collection2_mixture_251.wav
error
early_collection2_mixture_295.wav
error
early_collection2_mixture_78.wav
error
early_collection2_mixture_219.wav
error
early_collection2_mixture_224.wav
error
early_collection2_mixture_333.wav
error
early_collection2_mixture_321.wav
error
early_collection2_mixture_314.wav
error
early_collection2_mixture_289.wav
error
early_collection2_mixture_108.wav
error
early_collection2_mixture_328.wav
error
early_collection2_mixture_291.wav
error
early_collection2_mixture_204.wav
error
early_collection2_mixture_222.wav
error
early_collection2_mixture_58.wav
error
early_collection2_mixture_307.wav
error
early_collection2_mixture_147.wav
error
early_collection2_mixture_285.wav
error
early_collection2_mixture_196.wav
error
early_collection2_mixture_119.wav
error
early_collection2_mixture_111.wav
error
early_collection2_mixture_329.wav
error
early_collection2_mixture_278.wav
error
early_collection2_mixture_154.wav
error
early_collection2_mixture_39.wav
error
early_collection2_mixture_171.wav
error
early_collection2_mixture_248.wav
error
early_collection2_mixture_79.wav
error
early_collection2_mixture_330.wav
error
early_collection2_mixture_218.wav
error
early_collection2_mixture_318.wav
error
early_collection2_mixture_66.wav
error
early_collection2_mixture_266.wav
error
early_collection2_mixture_298.wav
error
early_collection2_mixture_57.wav
error
early_collection2_mixture_257.wav
error
early_collection2_mixture_335.wav
error
early_collection2_mixture_302.wav
error
early_collection2_mixture_231.wav
error
early_collection2_mixture_169.wav
error
early_collection2_mixture_237.wav
error
early_collection2_mixture_120.wav
error
early_collection2_mixture_145.wav
error
early_collection2_mixture_76.wav
error
early_collection2_mixture_210.wav
error
early_collection2_mixture_137.wav
error
early_collection2_mixture_35.wav
error
early_collection2_mixture_2.wav
error
early_collection2_mixture_296.wav
error
early_collection2_mixture_309.wav
error
early_collection2_mixture_1.wav
error
early_collection2_mixture_114.wav
error
early_collection2_mixture_187.wav
error
early_collection2_mixture_4.wav
error
early_collection2_mixture_143.wav
error
early_collection2_mixture_117.wav
error
early_collection2_mixture_16.wav
error
early_collection2_mixture_260.wav
error
early_collection2_mixture_135.wav
error
early_collection2_mixture_10.wav
error
early_collection2_mixture_105.wav
error
early_collection2_mixture_70.wav
error
early_collection2_mixture_125.wav
error
early_collection2_mixture_261.wav
error
early_collection2_mixture_269.wav
error
early_collection2_mixture_239.wav
error
early_collection2_mixture_327.wav
error
early_collection2_mixture_83.wav
error
early_collection2_mixture_40.wav
error
early_collection2_mixture_136.wav
error
early_collection2_mixture_142.wav
error
early_collection2_mixture_312.wav
error
early_collection2_mixture_233.wav
error
early_collection2_mixture_38.wav
error
early_collection2_mixture_50.wav
error
early_collection2_mixture_244.wav
error
early_collection2_mixture_190.wav
error
early_collection2_mixture_264.wav
error
early_collection2_mixture_198.wav
error
early_collection2_mixture_144.wav
error
early_collection2_mixture_247.wav
error
early_collection2_mixture_133.wav
error
early_collection2_mixture_156.wav
error
early_collection2_mixture_15.wav
error
early_collection2_mixture_139.wav
error
early_collection2_mixture_226.wav
error
early_collection2_mixture_232.wav
error
early_collection2_mixture_336.wav
error
early_collection2_mixture_56.wav
error
early_collection2_mixture_82.wav
error
early_collection2_mixture_274.wav
error
early_collection2_mixture_270.wav
error
early_collection2_mixture_99.wav
error
early_collection2_mixture_92.wav
error
early_collection2_mixture_230.wav
error
early_collection2_mixture_101.wav
error
early_collection2_mixture_227.wav
error
early_collection2_mixture_44.wav
error
early_collection2_mixture_127.wav
error
early_collection2_mixture_253.wav
error
early_collection2_mixture_186.wav
error
early_collection2_mixture_229.wav
error
early_collection2_mixture_86.wav
error
early_collection2_mixture_240.wav
error
early_collection2_mixture_123.wav
error
early_collection2_mixture_53.wav
error
early_collection2_mixture_216.wav
error
early_collection2_mixture_172.wav
error
early_collection2_mixture_331.wav
error
early_collection2_mixture_8.wav
error
early_collection2_mixture_193.wav
error
early_collection2_mixture_163.wav
error
early_collection2_mixture_305.wav
error
early_collection2_mixture_124.wav
error
early_collection2_mixture_14.wav
error
early_collection2_mixture_25.wav
error
early_collection2_mixture_67.wav
error
early_collection2_mixture_208.wav
error
early_collection2_mixture_310.wav
error
early_collection2_mixture_162.wav
error
early_collection2_mixture_22.wav
error
early_collection2_mixture_150.wav
error
early_collection2_mixture_122.wav
error
early_collection2_mixture_149.wav
error
early_collection2_mixture_338.wav
error
early_collection2_mixture_42.wav
error
early_collection2_mixture_323.wav
error
early_collection2_mixture_273.wav
error
early_collection2_mixture_214.wav
error
early_collection2_mixture_97.wav
error
early_collection2_mixture_85.wav
error
early_collection2_mixture_152.wav
error
early_collection2_mixture_65.wav
error
early_collection2_mixture_165.wav
error
early_collection2_mixture_115.wav
error
early_collection2_mixture_21.wav
error
early_collection2_mixture_277.wav
error
early_collection2_mixture_267.wav
error
early_collection2_mixture_126.wav
error
early_collection2_mixture_225.wav
error
early_collection2_mixture_213.wav
error
early_collection2_mixture_280.wav
error
early_collection2_mixture_241.wav
error
early_collection2_mixture_317.wav
error
early_collection2_mixture_299.wav
error
early_collection2_mixture_52.wav
error
early_collection2_mixture_89.wav
error
early_collection2_mixture_272.wav
error
early_collection2_mixture_263.wav
error
early_collection2_mixture_326.wav
error
early_collection2_mixture_315.wav
error
early_collection2_mixture_49.wav
error
early_collection2_mixture_104.wav
error
early_collection2_mixture_80.wav
error
early_collection2_mixture_26.wav
error
early_collection2_mixture_20.wav
error
early_collection2_mixture_192.wav
error
early_collection2_mixture_129.wav
error
early_collection2_mixture_113.wav
error
early_collection2_mixture_157.wav
error
early_collection2_mixture_276.wav
error
early_collection2_mixture_234.wav
error
early_collection2_mixture_27.wav
error
early_collection2_mixture_18.wav
error
early_collection2_mixture_170.wav
error
early_collection2_mixture_249.wav
error
early_collection2_mixture_332.wav
error
early_collection2_mixture_238.wav
error
early_collection2_mixture_12.wav
error
early_collection2_mixture_324.wav
error
early_collection2_mixture_179.wav
error
early_collection2_mixture_30.wav
error
early_collection2_mixture_245.wav
error
early_collection2_mixture_33.wav
error
early_collection2_mixture_334.wav
error
early_collection2_mixture_293.wav
error
early_collection2_mixture_284.wav
error
early_collection2_mixture_93.wav
error
early_collection2_mixture_215.wav
error
early_collection2_mixture_46.wav
error
early_collection2_mixture_110.wav
error
early_collection2_mixture_0.wav
error
early_collection2_mixture_9.wav
error
early_collection2_mixture_195.wav
error
early_collection2_mixture_128.wav
error
early_collection2_mixture_283.wav
error
early_collection2_mixture_290.wav
error
early_collection2_mixture_235.wav
error
early_collection2_mixture_64.wav
error
early_collection2_mixture_73.wav
error
early_collection2_mixture_183.wav
error
early_collection2_mixture_74.wav
error
early_collection2_mixture_75.wav
error
early_collection2_mixture_96.wav
error
early_collection2_mixture_54.wav
error
early_collection2_mixture_138.wav
error
early_collection2_mixture_107.wav
error
early_collection2_mixture_173.wav
error
early_collection2_mixture_294.wav
error
early_collection2_mixture_72.wav
error
early_collection2_mixture_166.wav
error
early_collection2_mixture_155.wav
error
early_collection2_mixture_223.wav
error
early_collection2_mixture_41.wav
error
early_collection2_mixture_212.wav
error
early_collection2_mixture_37.wav
error
early_collection2_mixture_32.wav
error
early_collection2_mixture_63.wav
error
early_collection2_mixture_250.wav
error
early_collection2_mixture_141.wav
error
early_collection2_mixture_103.wav
error
early_collection2_mixture_6.wav
error
early_collection2_mixture_287.wav
error
early_collection2_mixture_87.wav
error
early_collection2_mixture_34.wav
error
early_collection2_mixture_11.wav
error
early_collection2_mixture_131.wav
error
early_collection2_mixture_205.wav
error
early_collection2_mixture_153.wav
error
early_collection2_mixture_242.wav
error
early_collection2_mixture_300.wav
error
early_collection2_mixture_236.wav
error
early_collection2_mixture_24.wav
error
early_collection2_mixture_207.wav
error
early_collection2_mixture_265.wav
error
early_collection2_mixture_158.wav
error
early_collection2_mixture_116.wav
error
early_collection2_mixture_337.wav
error
early_collection2_mixture_29.wav
error
early_collection2_mixture_292.wav
error
early_collection2_mixture_184.wav
error
early_collection2_mixture_98.wav
error
mixture_376_LWbLLOFfgXROrZI_2021-08-1818:38:40.421277+00:00HFqsr.wav
error
mixture_369_LWbLLOFfgXROrZI_2021-08-1817:58:47.382824+00:00kcoMO.wav
error
mixture_372_LWbLLOFfgXROrZI_2021-08-1818:16:01.510514+00:00TqvHl.wav
error
mixture_377_LWbLLOFfgXROrZI_2021-08-1818:39:24.129737+00:00RcCjh.wav
error
mixture_375_LWbLLOFfgXROrZI_2021-08-1818:31:45.611883+00:00NNqsj.wav
error
mixture_373_LWbLLOFfgXROrZI_2021-08-1818:21:20.539688+00:00CnKor.wav
error
mixture_374_LWbLLOFfgXROrZI_2021-08-1818:31:07.168034+00:00Cjxve.wav
error
mixture_371_LWbLLOFfgXROrZI_2021-08-1818:13:52.079403+00:00WdPVx.wav
error
mixture_370_LWbLLOFfgXROrZI_2021-08-1818:03:52.736857+00:00KLzEP.wav
error
mixture_378_LWbLLOFfgXROrZI_2021-08-1818:40:55.623548+00:00lPpqO.wav
error
mixture_373_bXtiHAOCiwEVCAn_2021-08-1500:19:47.080892+00:00YiJVS.wav
error
mixture_370_bXtiHAOCiwEVCAn_2021-08-1500:13:13.679809+00:00THMhW.wav
error
mixture_369_bXtiHAOCiwEVCAn_2021-08-1500:11:28.173160+00:00kIHWn.wav
error
mixture_371_bXtiHAOCiwEVCAn_2021-08-1500:15:46.496727+00:00vgbfP.wav
error
mixture_374_bXtiHAOCiwEVCAn_2021-08-1500:21:35.108990+00:00ZvkTx.wav
error
mixture_372_bXtiHAOCiwEVCAn_2021-08-1500:17:53.831096+00:00VpMiS.wav
error
mixture_366_bXtiHAOCiwEVCAn_2021-08-1500:03:36.195115+00:00Zwzgn.wav
error
mixture_368_bXtiHAOCiwEVCAn_2021-08-1500:08:16.170723+00:00mnXgF.wav
error
mixture_365_bXtiHAOCiwEVCAn_2021-08-1500:01:29.793135+00:00UBsVt.wav
error
mixture_367_bXtiHAOCiwEVCAn_2021-08-1500:05:27.034801+00:00ElrAD.wav
error
mixture_451_iESqKoKYzEEqxLG_2021-08-1613:35:44.578765+00:00AMeCE.wav
error
mixture_450_iESqKoKYzEEqxLG_2021-08-1613:33:04.572206+00:00vdhUt.wav
error
mixture_452_iESqKoKYzEEqxLG_2021-08-1613:37:59.529083+00:00NMiLO.wav
error
mixture_449_iESqKoKYzEEqxLG_2021-08-1613:31:19.111830+00:00vULfE.wav
error
mixture_211_tOCGXmXfVFlsngF_2021-08-0905:07:40.775630+00:00rRajR.wav
error
mixture_140_tOCGXmXfVFlsngF_2021-08-0904:08:28.772469+00:00oEacJ.wav
error
mixture_171_tOCGXmXfVFlsngF_2021-08-0904:35:19.826416+00:00EHNUX.wav
error
mixture_133_tOCGXmXfVFlsngF_2021-08-0904:01:06.839358+00:00zXEjD.wav
error
mixture_167_tOCGXmXfVFlsngF_2021-08-0904:31:46.145792+00:00IDDOp.wav
error
mixture_162_tOCGXmXfVFlsngF_2021-08-0904:27:44.000008+00:00ymdUo.wav
error
mixture_151_tOCGXmXfVFlsngF_2021-08-0904:17:23.911734+00:00Gmjsp.wav
error
mixture_169_tOCGXmXfVFlsngF_2021-08-0904:33:45.476456+00:00Jvple.wav
error
mixture_164_tOCGXmXfVFlsngF_2021-08-0904:29:27.867777+00:00QxnNU.wav
error
mixture_160_tOCGXmXfVFlsngF_2021-08-0904:26:15.427920+00:00GdsAy.wav
error
mixture_172_tOCGXmXfVFlsngF_2021-08-0904:36:01.577110+00:00jpcrc.wav
error
mixture_204_tOCGXmXfVFlsngF_2021-08-0905:01:50.977508+00:00QevgG.wav
error
mixture_181_tOCGXmXfVFlsngF_2021-08-0904:43:52.556074+00:00uaAZi.wav
error
mixture_209_tOCGXmXfVFlsngF_2021-08-0905:06:10.893039+00:00JheQJ.wav
error
mixture_158_tOCGXmXfVFlsngF_2021-08-0904:24:36.321028+00:00hfSOI.wav
error
mixture_214_tOCGXmXfVFlsngF_2021-08-0905:09:54.323740+00:00VdgXz.wav
error
mixture_200_tOCGXmXfVFlsngF_2021-08-0904:58:50.465140+00:00nLYpq.wav
error
mixture_134_tOCGXmXfVFlsngF_2021-08-0904:02:19.042443+00:00oAwBy.wav
error
mixture_208_tOCGXmXfVFlsngF_2021-08-0905:05:20.412561+00:00uwgMT.wav
error
mixture_153_tOCGXmXfVFlsngF_2021-08-0904:20:00.466518+00:00DcFve.wav
error
mixture_165_tOCGXmXfVFlsngF_2021-08-0904:30:13.139383+00:00QPZHG.wav
error
mixture_147_tOCGXmXfVFlsngF_2021-08-0904:14:29.693915+00:00GWNZm.wav
error
mixture_157_tOCGXmXfVFlsngF_2021-08-0904:23:30.641979+00:00YOYsK.wav
error
mixture_212_tOCGXmXfVFlsngF_2021-08-0905:08:28.300759+00:00jRzAf.wav
error
mixture_188_tOCGXmXfVFlsngF_2021-08-0904:50:22.387969+00:00CxlYR.wav
error
mixture_143_tOCGXmXfVFlsngF_2021-08-0904:10:55.060335+00:00nDojO.wav
error
mixture_132_tOCGXmXfVFlsngF_2021-08-0903:59:39.148110+00:00nPYOI.wav
error
mixture_145_tOCGXmXfVFlsngF_2021-08-0904:12:34.525115+00:00Gbnup.wav
error
mixture_203_tOCGXmXfVFlsngF_2021-08-0905:01:09.321059+00:00JhMkI.wav
error
mixture_183_tOCGXmXfVFlsngF_2021-08-0904:45:31.468835+00:00HBGIi.wav
error
mixture_156_tOCGXmXfVFlsngF_2021-08-0904:22:42.234764+00:00Qjehw.wav
error
mixture_178_tOCGXmXfVFlsngF_2021-08-0904:41:39.803258+00:00wZfwk.wav
error
mixture_142_tOCGXmXfVFlsngF_2021-08-0904:10:06.306904+00:00tUzgv.wav
error
mixture_161_tOCGXmXfVFlsngF_2021-08-0904:26:58.551435+00:00goIeE.wav
error
mixture_210_tOCGXmXfVFlsngF_2021-08-0905:06:52.726483+00:00ncDLN.wav
error
mixture_137_tOCGXmXfVFlsngF_2021-08-0904:05:45.027320+00:00QEbpZ.wav
error
mixture_149_tOCGXmXfVFlsngF_2021-08-0904:16:00.678559+00:00jzjcT.wav
error
mixture_186_tOCGXmXfVFlsngF_2021-08-0904:48:39.681455+00:00IrGza.wav
error
mixture_173_tOCGXmXfVFlsngF_2021-08-0904:36:40.769416+00:00wAezQ.wav
error
mixture_195_tOCGXmXfVFlsngF_2021-08-0904:55:45.293873+00:00aGGik.wav
error
mixture_159_tOCGXmXfVFlsngF_2021-08-0904:25:22.963573+00:00kutTw.wav
error
mixture_146_tOCGXmXfVFlsngF_2021-08-0904:13:46.052327+00:00BbmKt.wav
error
mixture_155_tOCGXmXfVFlsngF_2021-08-0904:21:56.804050+00:00gmSbG.wav
error
mixture_206_tOCGXmXfVFlsngF_2021-08-0905:03:27.823887+00:00TZsXA.wav
error
mixture_202_tOCGXmXfVFlsngF_2021-08-0905:00:25.130222+00:00bjsqF.wav
error
mixture_187_tOCGXmXfVFlsngF_2021-08-0904:49:21.558155+00:00tNLgs.wav
error
mixture_194_tOCGXmXfVFlsngF_2021-08-0904:55:00.604277+00:00IyaZp.wav
error
mixture_193_tOCGXmXfVFlsngF_2021-08-0904:54:17.146982+00:00AYtCy.wav
error
mixture_196_tOCGXmXfVFlsngF_2021-08-0904:56:26.383352+00:00HTDac.wav
error
mixture_175_tOCGXmXfVFlsngF_2021-08-0904:38:16.925835+00:00UDTmB.wav
error
mixture_199_tOCGXmXfVFlsngF_2021-08-0904:58:08.566313+00:00wxXix.wav
error
mixture_163_tOCGXmXfVFlsngF_2021-08-0904:28:34.593280+00:00lTdzO.wav
error
mixture_205_tOCGXmXfVFlsngF_2021-08-0905:02:36.592933+00:00ZOMjC.wav
error
mixture_192_tOCGXmXfVFlsngF_2021-08-0904:53:33.098920+00:00XYIzd.wav
error
mixture_152_tOCGXmXfVFlsngF_2021-08-0904:19:15.634687+00:00gmvqq.wav
error
mixture_154_tOCGXmXfVFlsngF_2021-08-0904:20:54.414440+00:00JAgQO.wav
error
mixture_138_tOCGXmXfVFlsngF_2021-08-0904:06:45.346223+00:00xzWWi.wav
error
mixture_150_tOCGXmXfVFlsngF_2021-08-0904:16:37.838680+00:00isGWq.wav
error
mixture_184_tOCGXmXfVFlsngF_2021-08-0904:46:26.900014+00:00Kkwgp.wav
error
mixture_180_tOCGXmXfVFlsngF_2021-08-0904:43:08.651631+00:00OPrSK.wav
error
mixture_177_tOCGXmXfVFlsngF_2021-08-0904:40:56.907051+00:00DagpU.wav
error
mixture_166_tOCGXmXfVFlsngF_2021-08-0904:31:01.974049+00:00CIsEw.wav
error
mixture_141_tOCGXmXfVFlsngF_2021-08-0904:09:16.761653+00:00SoVzd.wav
error
mixture_135_tOCGXmXfVFlsngF_2021-08-0904:03:31.005058+00:00vEspf.wav
error
mixture_168_tOCGXmXfVFlsngF_2021-08-0904:32:42.014685+00:00fGmEr.wav
error
mixture_213_tOCGXmXfVFlsngF_2021-08-0905:09:11.510235+00:00GjqTg.wav
error
mixture_170_tOCGXmXfVFlsngF_2021-08-0904:34:24.427258+00:00DPFsU.wav
error
mixture_185_tOCGXmXfVFlsngF_2021-08-0904:47:22.304093+00:00wFGSV.wav
error
mixture_182_tOCGXmXfVFlsngF_2021-08-0904:44:40.297804+00:00TTzFK.wav
error
mixture_207_tOCGXmXfVFlsngF_2021-08-0905:04:14.092723+00:00qZvqj.wav
error
mixture_148_tOCGXmXfVFlsngF_2021-08-0904:15:17.446334+00:00gItwm.wav
error
mixture_176_tOCGXmXfVFlsngF_2021-08-0904:39:09.253681+00:00rmTQO.wav
error
mixture_189_tOCGXmXfVFlsngF_2021-08-0904:51:29.885013+00:00qgDSB.wav
error
mixture_191_tOCGXmXfVFlsngF_2021-08-0904:52:55.463632+00:00LPndM.wav
error
mixture_197_tOCGXmXfVFlsngF_2021-08-0904:57:08.933293+00:00fvndP.wav
error
mixture_179_tOCGXmXfVFlsngF_2021-08-0904:42:30.052558+00:00ddhLi.wav
error
mixture_198_tOCGXmXfVFlsngF_2021-08-0904:57:09.039774+00:00qqaIu.wav
error
mixture_174_tOCGXmXfVFlsngF_2021-08-0904:37:25.044093+00:00VwIqe.wav
error
mixture_130_tOCGXmXfVFlsngF_2021-08-0903:54:49.148573+00:00yvnki.wav
error
mixture_136_tOCGXmXfVFlsngF_2021-08-0904:04:38.596591+00:00OEeCR.wav
error
mixture_131_tOCGXmXfVFlsngF_2021-08-0903:58:22.494512+00:00KbOYj.wav
error
mixture_144_tOCGXmXfVFlsngF_2021-08-0904:11:44.709824+00:00jiWZi.wav
error
mixture_139_tOCGXmXfVFlsngF_2021-08-0904:07:33.919354+00:00QpPVe.wav
error
mixture_201_tOCGXmXfVFlsngF_2021-08-0904:59:41.637354+00:00tkHCL.wav
error
mixture_190_tOCGXmXfVFlsngF_2021-08-0904:52:07.555580+00:00DAiFk.wav
error
mixture_225_mlkqeFdDMwHnZlY_2021-08-1806:10:16.190137+00:00KBMqo.wav
error
mixture_206_mlkqeFdDMwHnZlY_2021-08-1806:04:09.642210+00:00HlMzE.wav
error
mixture_191_mlkqeFdDMwHnZlY_2021-08-1805:59:49.269407+00:00ShVFv.wav
error
mixture_234_mlkqeFdDMwHnZlY_2021-08-1806:12:19.527974+00:00JRFdK.wav
error
mixture_237_mlkqeFdDMwHnZlY_2021-08-1806:13:30.132050+00:00qIFsy.wav
error
mixture_218_mlkqeFdDMwHnZlY_2021-08-1806:08:50.468478+00:00QGGxr.wav
error
mixture_170_mlkqeFdDMwHnZlY_2021-08-1805:52:04.127126+00:00SoFRr.wav
error
mixture_196_mlkqeFdDMwHnZlY_2021-08-1806:01:16.092582+00:00mXSdQ.wav
error
mixture_242_mlkqeFdDMwHnZlY_2021-08-1806:14:34.583118+00:00ejeoe.wav
error
mixture_211_mlkqeFdDMwHnZlY_2021-08-1806:07:32.378002+00:00uQUKW.wav
error
mixture_213_mlkqeFdDMwHnZlY_2021-08-1806:07:50.584563+00:00EhKFO.wav
error
mixture_176_mlkqeFdDMwHnZlY_2021-08-1805:54:26.948424+00:00krTcV.wav
error
mixture_245_mlkqeFdDMwHnZlY_2021-08-1806:15:05.935084+00:00bIYtl.wav
error
mixture_241_mlkqeFdDMwHnZlY_2021-08-1806:14:22.307418+00:00edOVU.wav
error
mixture_175_mlkqeFdDMwHnZlY_2021-08-1805:54:03.502975+00:00GNnTz.wav
error
mixture_201_mlkqeFdDMwHnZlY_2021-08-1806:02:55.763726+00:00SBNSx.wav
error
mixture_221_mlkqeFdDMwHnZlY_2021-08-1806:09:19.068361+00:00hlwob.wav
error
mixture_233_mlkqeFdDMwHnZlY_2021-08-1806:12:04.999236+00:00fEbcT.wav
error
mixture_189_mlkqeFdDMwHnZlY_2021-08-1805:59:25.534422+00:00vKIcd.wav
error
mixture_257_mlkqeFdDMwHnZlY_2021-08-1806:20:46.013212+00:00QKqUo.wav
error
mixture_178_mlkqeFdDMwHnZlY_2021-08-1805:54:45.620918+00:00FzCEC.wav
error
mixture_172_mlkqeFdDMwHnZlY_2021-08-1805:52:35.777852+00:00rgHWz.wav
error
mixture_198_mlkqeFdDMwHnZlY_2021-08-1806:02:12.748157+00:00WAqtU.wav
error
mixture_181_mlkqeFdDMwHnZlY_2021-08-1805:56:03.311154+00:00JjTLY.wav
error
mixture_231_mlkqeFdDMwHnZlY_2021-08-1806:11:31.686598+00:00cfyjF.wav
error
mixture_226_mlkqeFdDMwHnZlY_2021-08-1806:10:33.041960+00:00smOpv.wav
error
mixture_219_mlkqeFdDMwHnZlY_2021-08-1806:09:04.986955+00:00reicz.wav
error
mixture_247_mlkqeFdDMwHnZlY_2021-08-1806:16:43.778408+00:00swSsL.wav
error
mixture_227_mlkqeFdDMwHnZlY_2021-08-1806:10:47.669646+00:00DPtbd.wav
error
mixture_230_mlkqeFdDMwHnZlY_2021-08-1806:11:17.690032+00:00IEpaS.wav
error
mixture_258_mlkqeFdDMwHnZlY_2021-08-1806:21:00.707146+00:00TbreR.wav
error
mixture_195_mlkqeFdDMwHnZlY_2021-08-1806:00:58.922987+00:00eouJz.wav
error
mixture_224_mlkqeFdDMwHnZlY_2021-08-1806:09:59.179637+00:00zzdGI.wav
error
mixture_179_mlkqeFdDMwHnZlY_2021-08-1805:55:21.192187+00:00kKVFc.wav
error
mixture_228_mlkqeFdDMwHnZlY_2021-08-1806:11:02.592000+00:00OmlNv.wav
error
mixture_214_mlkqeFdDMwHnZlY_2021-08-1806:08:08.811553+00:00sSJUr.wav
error
mixture_185_mlkqeFdDMwHnZlY_2021-08-1805:58:12.275817+00:00Rdlbn.wav
error
mixture_203_mlkqeFdDMwHnZlY_2021-08-1806:03:18.672261+00:00smSat.wav
error
mixture_239_mlkqeFdDMwHnZlY_2021-08-1806:14:03.056122+00:00egfsY.wav
error
mixture_187_mlkqeFdDMwHnZlY_2021-08-1805:58:31.338582+00:00FBvXY.wav
error
mixture_205_mlkqeFdDMwHnZlY_2021-08-1806:03:38.092153+00:00LCQtK.wav
error
mixture_243_mlkqeFdDMwHnZlY_2021-08-1806:14:47.041021+00:00soqhP.wav
error
mixture_193_mlkqeFdDMwHnZlY_2021-08-1806:00:40.247263+00:00bndjl.wav
error
mixture_173_mlkqeFdDMwHnZlY_2021-08-1805:53:05.588612+00:00cPiEf.wav
error
mixture_200_mlkqeFdDMwHnZlY_2021-08-1806:02:32.806962+00:00ICtcl.wav
error
mixture_255_mlkqeFdDMwHnZlY_2021-08-1806:20:29.415841+00:00twTaY.wav
error
mixture_222_mlkqeFdDMwHnZlY_2021-08-1806:09:33.740394+00:00NHDaP.wav
error
mixture_215_mlkqeFdDMwHnZlY_2021-08-1806:08:24.049288+00:00QbIPy.wav
error
mixture_183_mlkqeFdDMwHnZlY_2021-08-1805:57:37.952091+00:00ufUKh.wav
error
mixture_217_mlkqeFdDMwHnZlY_2021-08-1806:08:38.035666+00:00jLAJY.wav
error
mixture_355_BcArVWeRNWxaUgE_2021-08-1423:40:25.812772+00:00AFGQy.wav
error
mixture_358_BcArVWeRNWxaUgE_2021-08-1423:45:30.553625+00:00ISjub.wav
error
mixture_364_BcArVWeRNWxaUgE_2021-08-1423:54:58.016292+00:00cThwy.wav
error
mixture_360_BcArVWeRNWxaUgE_2021-08-1423:48:20.557197+00:00nNXnm.wav
error
mixture_361_BcArVWeRNWxaUgE_2021-08-1423:50:14.669596+00:00GaXPu.wav
error
mixture_363_BcArVWeRNWxaUgE_2021-08-1423:53:45.913515+00:00bxCtn.wav
error
mixture_359_BcArVWeRNWxaUgE_2021-08-1423:46:52.376506+00:00oGqbK.wav
error
mixture_356_BcArVWeRNWxaUgE_2021-08-1423:41:34.712710+00:00xdLRH.wav
error
mixture_362_BcArVWeRNWxaUgE_2021-08-1423:51:28.290980+00:00PeaNF.wav
error
mixture_357_BcArVWeRNWxaUgE_2021-08-1423:43:31.476019+00:00MsiQj.wav
error
mixture_243_oDSLUlkchVuvaya_2021-08-1402:31:01.985194+00:00ntefg.wav
error
mixture_456_JwBjNBhNQYBXXrc_2021-08-1613:46:49.460909+00:00hVLPz.wav
error
mixture_454_JwBjNBhNQYBXXrc_2021-08-1613:41:42.821027+00:00dZfpH.wav
error
mixture_455_JwBjNBhNQYBXXrc_2021-08-1613:44:09.063556+00:00XxuEp.wav
error
mixture_453_JwBjNBhNQYBXXrc_2021-08-1613:39:30.530120+00:00aDsTu.wav
error
mixture_343_ppeSWGamRqBpTbh_2021-08-1412:24:33.376146+00:00txONo.wav
error
mixture_344_ppeSWGamRqBpTbh_2021-08-1412:27:36.142749+00:00NXYaJ.wav
error
mixture_347_ppeSWGamRqBpTbh_2021-08-1412:32:13.281961+00:00uzvwZ.wav
error
mixture_349_ppeSWGamRqBpTbh_2021-08-1412:34:45.151611+00:00dSlMC.wav
error
mixture_348_ppeSWGamRqBpTbh_2021-08-1412:33:23.160314+00:00Dukmo.wav
error
mixture_346_ppeSWGamRqBpTbh_2021-08-1412:30:40.656399+00:00cvPxa.wav
error
mixture_350_ppeSWGamRqBpTbh_2021-08-1412:35:59.726032+00:00lzlLX.wav
error
mixture_345_ppeSWGamRqBpTbh_2021-08-1412:29:32.145652+00:00zUDqu.wav
error
mixture_351_ppeSWGamRqBpTbh_2021-08-1412:37:13.382565+00:00rIrAQ.wav
error
mixture_43_TwSJsUMImGTMtcV.wav
error
mixture_54_TwSJsUMImGTMtcV.wav
error
mixture_38_TwSJsUMImGTMtcV.wav
error
mixture_47_TwSJsUMImGTMtcV.wav
error
mixture_39_TwSJsUMImGTMtcV.wav
error
mixture_65_TwSJsUMImGTMtcV.wav
error
mixture_36_TwSJsUMImGTMtcV.wav
error
mixture_60_TwSJsUMImGTMtcV.wav
error
mixture_50_TwSJsUMImGTMtcV.wav
error
mixture_40_TwSJsUMImGTMtcV.wav
error
mixture_55_TwSJsUMImGTMtcV.wav
error
mixture_73_TwSJsUMImGTMtcV.wav
error
mixture_46_TwSJsUMImGTMtcV.wav
error
mixture_74_TwSJsUMImGTMtcV.wav
error
mixture_49_TwSJsUMImGTMtcV.wav
error
mixture_51_TwSJsUMImGTMtcV.wav
error
mixture_58_TwSJsUMImGTMtcV.wav
error
mixture_61_TwSJsUMImGTMtcV.wav
error
mixture_41_TwSJsUMImGTMtcV.wav
error
mixture_70_TwSJsUMImGTMtcV.wav
error
mixture_48_TwSJsUMImGTMtcV.wav
error
mixture_69_TwSJsUMImGTMtcV.wav
error
mixture_71_TwSJsUMImGTMtcV.wav
error
mixture_63_TwSJsUMImGTMtcV.wav
error
mixture_64_TwSJsUMImGTMtcV.wav
error
mixture_34_TwSJsUMImGTMtcV.wav
error
mixture_37_TwSJsUMImGTMtcV.wav
error
mixture_35_TwSJsUMImGTMtcV.wav
error
mixture_53_TwSJsUMImGTMtcV.wav
error
mixture_56_TwSJsUMImGTMtcV.wav
error
mixture_67_TwSJsUMImGTMtcV.wav
error
mixture_44_TwSJsUMImGTMtcV.wav
error
mixture_57_TwSJsUMImGTMtcV.wav
error
mixture_72_TwSJsUMImGTMtcV.wav
error
mixture_45_TwSJsUMImGTMtcV.wav
error
mixture_62_TwSJsUMImGTMtcV.wav
error
mixture_59_TwSJsUMImGTMtcV.wav
error
mixture_42_TwSJsUMImGTMtcV.wav
error
mixture_66_TwSJsUMImGTMtcV.wav
error
mixture_52_TwSJsUMImGTMtcV.wav
error
mixture_68_TwSJsUMImGTMtcV.wav
error
mixture_8_bYnzlYjwWnJsSIB_2021-08-2121:27:57.307411+00:00GUsWg.wav
error
mixture_11_bYnzlYjwWnJsSIB_2021-08-2121:30:42.567573+00:00VHIyr.wav
error
mixture_5_bYnzlYjwWnJsSIB_2021-08-2121:26:16.964947+00:00NaLPB.wav
error
mixture_566_bYnzlYjwWnJsSIB_2021-08-2121:19:43.412279+00:00nwvbZ.wav
error
mixture_567_bYnzlYjwWnJsSIB_2021-08-2121:20:13.588526+00:00grtnT.wav
error
mixture_563_bYnzlYjwWnJsSIB_2021-08-2121:17:37.147654+00:00GOgHo.wav
error
mixture_10_bYnzlYjwWnJsSIB_2021-08-2121:29:31.029240+00:00qAptz.wav
error
mixture_7_bYnzlYjwWnJsSIB_2021-08-2121:27:20.391502+00:00onEKf.wav
error
mixture_4_bYnzlYjwWnJsSIB_2021-08-2121:25:38.621865+00:00EFfbn.wav
error
mixture_2_bYnzlYjwWnJsSIB_2021-08-2121:24:04.819791+00:00oCoJs.wav
error
mixture_20_bYnzlYjwWnJsSIB_2021-08-2122:21:39.426861+00:00TeyPr.wav
error
mixture_6_bYnzlYjwWnJsSIB_2021-08-2121:26:51.845077+00:00iJwLN.wav
error
mixture_13_bYnzlYjwWnJsSIB_2021-08-2121:32:20.178446+00:00sHixF.wav
error
mixture_14_bYnzlYjwWnJsSIB_2021-08-2121:37:05.224702+00:00OCClg.wav
error
mixture_568_bYnzlYjwWnJsSIB_2021-08-2121:21:40.493820+00:00WElrx.wav
error
mixture_9_bYnzlYjwWnJsSIB_2021-08-2121:28:27.631238+00:00diNBP.wav
error
mixture_0_bYnzlYjwWnJsSIB_2021-08-2121:22:58.599276+00:00FhGvn.wav
error
mixture_3_bYnzlYjwWnJsSIB_2021-08-2121:24:42.800044+00:00fUntq.wav
error
mixture_565_bYnzlYjwWnJsSIB_2021-08-2121:18:42.204190+00:00wNpuD.wav
error
mixture_521_WNKLhuRXuqGMNlL_2021-08-2117:21:18.888321+00:00bNHPz.wav
error
mixture_508_WNKLhuRXuqGMNlL_2021-08-2117:09:05.314692+00:00WGjfI.wav
error
mixture_504_WNKLhuRXuqGMNlL_2021-08-2117:05:02.165324+00:00FmxtN.wav
error
mixture_548_WNKLhuRXuqGMNlL_2021-08-2117:40:52.120413+00:00KOUiU.wav
error
mixture_497_WNKLhuRXuqGMNlL_2021-08-2116:56:23.404877+00:00DqTPY.wav
error
mixture_540_WNKLhuRXuqGMNlL_2021-08-2117:34:25.050628+00:00RpIME.wav
error
mixture_542_WNKLhuRXuqGMNlL_2021-08-2117:36:23.897963+00:00FRssE.wav
error
mixture_543_WNKLhuRXuqGMNlL_2021-08-2117:38:16.764935+00:00HWfbe.wav
error
mixture_493_WNKLhuRXuqGMNlL_2021-08-2116:51:38.868078+00:00wGoNz.wav
error
mixture_491_WNKLhuRXuqGMNlL_2021-08-2116:50:36.561660+00:00uyiva.wav
error
mixture_533_WNKLhuRXuqGMNlL_2021-08-2117:30:20.724304+00:00AqnuY.wav
error
mixture_486_WNKLhuRXuqGMNlL_2021-08-2116:47:18.630363+00:00BIaCH.wav
error
mixture_474_WNKLhuRXuqGMNlL_2021-08-2116:37:29.033224+00:00xEWBc.wav
error
mixture_509_WNKLhuRXuqGMNlL_2021-08-2117:09:35.508671+00:00KIkZB.wav
error
mixture_516_WNKLhuRXuqGMNlL_2021-08-2117:18:33.911753+00:00HmJtI.wav
error
mixture_526_WNKLhuRXuqGMNlL_2021-08-2117:23:28.063558+00:00ycDpd.wav
error
mixture_507_WNKLhuRXuqGMNlL_2021-08-2117:07:04.564760+00:00PmJUA.wav
error
mixture_557_WNKLhuRXuqGMNlL_2021-08-2117:47:05.341867+00:00RpmqK.wav
error
mixture_519_WNKLhuRXuqGMNlL_2021-08-2117:20:34.747948+00:00IRWMP.wav
error
mixture_522_WNKLhuRXuqGMNlL_2021-08-2117:21:48.870288+00:00KpMJZ.wav
error
mixture_505_WNKLhuRXuqGMNlL_2021-08-2117:05:35.156832+00:00wjMQn.wav
error
mixture_536_WNKLhuRXuqGMNlL_2021-08-2117:31:47.404628+00:00IcaLl.wav
error
mixture_538_WNKLhuRXuqGMNlL_2021-08-2117:33:22.241652+00:00iUnZE.wav
error
mixture_511_WNKLhuRXuqGMNlL_2021-08-2117:10:31.364754+00:00ZPBdr.wav
error
mixture_517_WNKLhuRXuqGMNlL_2021-08-2117:19:18.686733+00:00jTGia.wav
error
mixture_556_WNKLhuRXuqGMNlL_2021-08-2117:46:30.461416+00:00ipJRS.wav
error
mixture_525_WNKLhuRXuqGMNlL_2021-08-2117:23:00.291135+00:00pLgra.wav
error
mixture_547_WNKLhuRXuqGMNlL_2021-08-2117:40:26.092067+00:00udKxc.wav
error
mixture_494_WNKLhuRXuqGMNlL_2021-08-2116:51:59.815037+00:00EfFSh.wav
error
mixture_555_WNKLhuRXuqGMNlL_2021-08-2117:45:35.608796+00:00dRQVP.wav
error
mixture_559_WNKLhuRXuqGMNlL_2021-08-2117:48:40.647558+00:00ZBbav.wav
error
mixture_490_WNKLhuRXuqGMNlL_2021-08-2116:50:05.999031+00:00PjXkm.wav
error
mixture_527_WNKLhuRXuqGMNlL_2021-08-2117:24:18.969687+00:00LkEOV.wav
error
mixture_469_WNKLhuRXuqGMNlL_2021-08-2116:34:52.018093+00:00rtwCd.wav
error
mixture_475_WNKLhuRXuqGMNlL_2021-08-2116:38:02.623556+00:00opQpf.wav
error
mixture_481_WNKLhuRXuqGMNlL_2021-08-2116:42:49.454556+00:00KYNeo.wav
error
mixture_480_WNKLhuRXuqGMNlL_2021-08-2116:42:27.730012+00:00WDyPO.wav
error
mixture_523_WNKLhuRXuqGMNlL_2021-08-2117:22:20.245676+00:00DHAJC.wav
error
mixture_476_WNKLhuRXuqGMNlL_2021-08-2116:38:48.652731+00:00LawUk.wav
error
mixture_501_WNKLhuRXuqGMNlL_2021-08-2116:59:33.384293+00:00kicCa.wav
error
mixture_541_WNKLhuRXuqGMNlL_2021-08-2117:35:00.694051+00:00iXfQd.wav
error
mixture_545_WNKLhuRXuqGMNlL_2021-08-2117:39:33.586899+00:00ZjwzB.wav
error
mixture_514_WNKLhuRXuqGMNlL_2021-08-2117:15:50.254848+00:00cAKuq.wav
error
mixture_477_WNKLhuRXuqGMNlL_2021-08-2116:39:12.994018+00:00rgrup.wav
error
mixture_496_WNKLhuRXuqGMNlL_2021-08-2116:53:20.445130+00:00cgvuQ.wav
error
mixture_561_WNKLhuRXuqGMNlL_2021-08-2117:50:11.021586+00:00ndfbn.wav
error
mixture_512_WNKLhuRXuqGMNlL_2021-08-2117:12:14.064680+00:00IXsgR.wav
error
mixture_489_WNKLhuRXuqGMNlL_2021-08-2116:49:18.115622+00:00biVZG.wav
error
mixture_537_WNKLhuRXuqGMNlL_2021-08-2117:32:33.627833+00:00enJTE.wav
error
mixture_513_WNKLhuRXuqGMNlL_2021-08-2117:15:26.177765+00:00aTSlP.wav
error
mixture_534_WNKLhuRXuqGMNlL_2021-08-2117:30:54.728802+00:00GmagK.wav
error
mixture_560_WNKLhuRXuqGMNlL_2021-08-2117:49:18.317946+00:00XXiCC.wav
error
mixture_479_WNKLhuRXuqGMNlL_2021-08-2116:41:41.394198+00:00lEIyv.wav
error
mixture_554_WNKLhuRXuqGMNlL_2021-08-2117:44:07.391414+00:00yFrXW.wav
error
mixture_478_WNKLhuRXuqGMNlL_2021-08-2116:39:50.221797+00:00dpCVk.wav
error
mixture_544_WNKLhuRXuqGMNlL_2021-08-2117:39:05.500001+00:00QRXwH.wav
error
mixture_484_WNKLhuRXuqGMNlL_2021-08-2116:44:50.563726+00:00fOLOA.wav
error
mixture_500_WNKLhuRXuqGMNlL_2021-08-2116:58:11.712695+00:00OOhSK.wav
error
mixture_485_WNKLhuRXuqGMNlL_2021-08-2116:46:28.960070+00:00eWAhb.wav
error
mixture_551_WNKLhuRXuqGMNlL_2021-08-2117:42:50.340814+00:00WqaRo.wav
error
mixture_503_WNKLhuRXuqGMNlL_2021-08-2117:01:07.053384+00:00lExhs.wav
error
mixture_528_WNKLhuRXuqGMNlL_2021-08-2117:24:46.941560+00:00fSxne.wav
error
mixture_468_WNKLhuRXuqGMNlL_2021-08-2116:33:17.738759+00:00snbDh.wav
error
mixture_495_WNKLhuRXuqGMNlL_2021-08-2116:52:54.260021+00:00xBJqd.wav
error
mixture_483_WNKLhuRXuqGMNlL_2021-08-2116:43:53.856206+00:00XEACT.wav
error
mixture_471_WNKLhuRXuqGMNlL_2021-08-2116:35:53.390739+00:00FydXx.wav
error
mixture_498_WNKLhuRXuqGMNlL_2021-08-2116:56:56.688350+00:00TLDLu.wav
error
mixture_470_WNKLhuRXuqGMNlL_2021-08-2116:35:17.651050+00:00SylNz.wav
error
mixture_550_WNKLhuRXuqGMNlL_2021-08-2117:42:23.254577+00:00KirIs.wav
error
mixture_532_WNKLhuRXuqGMNlL_2021-08-2117:29:45.718188+00:00NmuDl.wav
error
mixture_530_WNKLhuRXuqGMNlL_2021-08-2117:28:22.346167+00:00KnzwE.wav
error
mixture_502_WNKLhuRXuqGMNlL_2021-08-2116:59:57.815354+00:00SvqEx.wav
error
mixture_552_WNKLhuRXuqGMNlL_2021-08-2117:43:15.491136+00:00XtccC.wav
error
mixture_553_WNKLhuRXuqGMNlL_2021-08-2117:43:43.940990+00:00raLlu.wav
error
mixture_539_WNKLhuRXuqGMNlL_2021-08-2117:33:52.056377+00:00KeNHa.wav
error
mixture_549_WNKLhuRXuqGMNlL_2021-08-2117:41:48.403658+00:00YmJqY.wav
error
mixture_535_WNKLhuRXuqGMNlL_2021-08-2117:31:23.487188+00:00UpKqv.wav
error
mixture_520_WNKLhuRXuqGMNlL_2021-08-2117:20:58.520225+00:00rXJyN.wav
error
mixture_492_WNKLhuRXuqGMNlL_2021-08-2116:51:16.800295+00:00sbwLS.wav
error
mixture_518_WNKLhuRXuqGMNlL_2021-08-2117:19:45.900842+00:00uGwtb.wav
error
mixture_515_WNKLhuRXuqGMNlL_2021-08-2117:17:34.402279+00:00XwDLI.wav
error
mixture_472_WNKLhuRXuqGMNlL_2021-08-2116:36:14.623328+00:00HCsgx.wav
error
mixture_482_WNKLhuRXuqGMNlL_2021-08-2116:43:27.931095+00:00cwYoK.wav
error
mixture_524_WNKLhuRXuqGMNlL_2021-08-2117:22:39.947956+00:00hANgE.wav
error
mixture_510_WNKLhuRXuqGMNlL_2021-08-2117:10:11.219129+00:00BQXqo.wav
error
mixture_473_WNKLhuRXuqGMNlL_2021-08-2116:36:46.032126+00:00ltLBA.wav
error
mixture_499_WNKLhuRXuqGMNlL_2021-08-2116:57:46.917103+00:00jeJQp.wav
error
mixture_506_WNKLhuRXuqGMNlL_2021-08-2117:06:39.076798+00:00VqlKF.wav
error
mixture_529_WNKLhuRXuqGMNlL_2021-08-2117:27:19.742641+00:00KYwnr.wav
error
mixture_531_WNKLhuRXuqGMNlL_2021-08-2117:29:13.282528+00:00KlkWw.wav
error
mixture_546_WNKLhuRXuqGMNlL_2021-08-2117:39:56.822492+00:00bGnin.wav
error
mixture_467_WNKLhuRXuqGMNlL_2021-08-2116:32:42.502216+00:00TjUVi.wav
error
mixture_558_WNKLhuRXuqGMNlL_2021-08-2117:47:35.371262+00:00gRZNx.wav
error
mixture_338_qNsqBpKFyMlaXCt_2021-08-1409:23:47.180242+00:00yKJYL.wav
error
mixture_303_qNsqBpKFyMlaXCt_2021-08-1408:39:15.322266+00:00FOHCk.wav
error
mixture_286_qNsqBpKFyMlaXCt_2021-08-1408:21:04.371837+00:00BDzFV.wav
error
mixture_272_qNsqBpKFyMlaXCt_2021-08-1406:55:29.636880+00:00TRkdG.wav
error
mixture_274_qNsqBpKFyMlaXCt_2021-08-1406:56:49.352096+00:00qrhvq.wav
error
mixture_329_qNsqBpKFyMlaXCt_2021-08-1409:17:32.738565+00:00RmQzZ.wav
error
mixture_255_qNsqBpKFyMlaXCt_2021-08-1405:38:43.075289+00:00JOPzU.wav
error
mixture_291_qNsqBpKFyMlaXCt_2021-08-1408:25:24.568817+00:00flhqo.wav
error
mixture_334_qNsqBpKFyMlaXCt_2021-08-1409:21:19.632821+00:00vPhud.wav
error
mixture_292_qNsqBpKFyMlaXCt_2021-08-1408:25:59.506713+00:00Mrlfe.wav
error
mixture_298_qNsqBpKFyMlaXCt_2021-08-1408:30:57.798477+00:00dvqMG.wav
error
mixture_277_qNsqBpKFyMlaXCt_2021-08-1408:12:02.291824+00:00rukYF.wav
error
mixture_273_qNsqBpKFyMlaXCt_2021-08-1406:56:06.209019+00:00xLuVa.wav
error
mixture_249_qNsqBpKFyMlaXCt_2021-08-1405:33:02.406567+00:00cnabJ.wav
error
mixture_312_qNsqBpKFyMlaXCt_2021-08-1409:04:46.226165+00:00yoBXY.wav
error
mixture_285_qNsqBpKFyMlaXCt_2021-08-1408:20:31.702506+00:00yTCYi.wav
error
mixture_306_qNsqBpKFyMlaXCt_2021-08-1409:00:49.258062+00:00Klfrz.wav
error
mixture_245_qNsqBpKFyMlaXCt_2021-08-1404:51:28.188241+00:00EqSwa.wav
error
mixture_244_qNsqBpKFyMlaXCt_2021-08-1402:49:43.893253+00:00TvfSM.wav
error
mixture_278_qNsqBpKFyMlaXCt_2021-08-1408:14:33.279423+00:00lvGbc.wav
error
mixture_319_qNsqBpKFyMlaXCt_2021-08-1409:10:06.847209+00:00HcXdg.wav
error
mixture_311_qNsqBpKFyMlaXCt_2021-08-1409:04:11.878676+00:00LhvYm.wav
error
mixture_335_qNsqBpKFyMlaXCt_2021-08-1409:21:54.043250+00:00KheeB.wav
error
mixture_337_qNsqBpKFyMlaXCt_2021-08-1409:22:59.987215+00:00SdnCY.wav
error
mixture_264_qNsqBpKFyMlaXCt_2021-08-1406:42:21.201837+00:00pZHwN.wav
error
mixture_287_qNsqBpKFyMlaXCt_2021-08-1408:22:05.431132+00:00occCr.wav
error
mixture_267_qNsqBpKFyMlaXCt_2021-08-1406:44:34.803881+00:00zlpvP.wav
error
mixture_333_qNsqBpKFyMlaXCt_2021-08-1409:20:34.952047+00:00cJdYC.wav
error
mixture_300_qNsqBpKFyMlaXCt_2021-08-1408:33:22.685448+00:00ULuLK.wav
error
mixture_271_qNsqBpKFyMlaXCt_2021-08-1406:54:14.974306+00:00hkOsm.wav
error
mixture_250_qNsqBpKFyMlaXCt_2021-08-1405:34:07.931125+00:00ZhCDn.wav
error
mixture_239_qNsqBpKFyMlaXCt_2021-08-1401:55:34.334671+00:00vbJLf.wav
error
mixture_299_qNsqBpKFyMlaXCt_2021-08-1408:32:43.300652+00:00KzuYP.wav
error
mixture_314_qNsqBpKFyMlaXCt_2021-08-1409:05:56.341452+00:00rCfqQ.wav
error
mixture_313_qNsqBpKFyMlaXCt_2021-08-1409:05:22.433582+00:00BfyWy.wav
error
mixture_252_qNsqBpKFyMlaXCt_2021-08-1405:35:54.881662+00:00EgfRJ.wav
error
mixture_263_qNsqBpKFyMlaXCt_2021-08-1406:41:30.431479+00:00xeawV.wav
error
mixture_324_qNsqBpKFyMlaXCt_2021-08-1409:13:28.962050+00:00YNnWf.wav
error
mixture_320_qNsqBpKFyMlaXCt_2021-08-1409:10:46.611159+00:00bNsIL.wav
error
mixture_268_qNsqBpKFyMlaXCt_2021-08-1406:50:39.483789+00:00kKOuz.wav
error
mixture_328_qNsqBpKFyMlaXCt_2021-08-1409:16:48.645452+00:00ffkSG.wav
error
mixture_332_qNsqBpKFyMlaXCt_2021-08-1409:19:53.829287+00:00ZmrIM.wav
error
mixture_279_qNsqBpKFyMlaXCt_2021-08-1408:16:02.905865+00:00wdReT.wav
error
mixture_341_qNsqBpKFyMlaXCt_2021-08-1409:26:04.408804+00:00GTJvF.wav
error
mixture_308_qNsqBpKFyMlaXCt_2021-08-1409:02:13.447951+00:00IwVUZ.wav
error
mixture_342_qNsqBpKFyMlaXCt_2021-08-1409:26:51.274177+00:00WWbSU.wav
error
mixture_295_qNsqBpKFyMlaXCt_2021-08-1408:28:45.474582+00:00nFjdu.wav
error
mixture_288_qNsqBpKFyMlaXCt_2021-08-1408:22:39.055837+00:00JcOlR.wav
error
mixture_275_qNsqBpKFyMlaXCt_2021-08-1406:57:31.750833+00:00kVBbW.wav
error
mixture_284_qNsqBpKFyMlaXCt_2021-08-1408:19:53.575002+00:00vfYvO.wav
error
mixture_282_qNsqBpKFyMlaXCt_2021-08-1408:18:31.380447+00:00WFOvc.wav
error
mixture_246_qNsqBpKFyMlaXCt_2021-08-1404:52:25.416273+00:00YrLIt.wav
error
mixture_251_qNsqBpKFyMlaXCt_2021-08-1405:34:59.730346+00:00VcezQ.wav
error
mixture_289_qNsqBpKFyMlaXCt_2021-08-1408:23:30.357006+00:00dbZcC.wav
error
mixture_294_qNsqBpKFyMlaXCt_2021-08-1408:27:19.373840+00:00Jkwtf.wav
error
mixture_258_qNsqBpKFyMlaXCt_2021-08-1405:41:14.752446+00:00QvyqE.wav
error
mixture_257_qNsqBpKFyMlaXCt_2021-08-1405:40:11.749346+00:00RdlsS.wav
error
mixture_256_qNsqBpKFyMlaXCt_2021-08-1405:39:26.515444+00:00zdZww.wav
error
mixture_281_qNsqBpKFyMlaXCt_2021-08-1408:17:44.774209+00:00ofYFV.wav
error
mixture_317_qNsqBpKFyMlaXCt_2021-08-1409:08:49.199135+00:00WlOGj.wav
error
mixture_336_qNsqBpKFyMlaXCt_2021-08-1409:22:25.891116+00:00HVZpu.wav
error
mixture_254_qNsqBpKFyMlaXCt_2021-08-1405:37:48.265440+00:00vvmjz.wav
error
mixture_316_qNsqBpKFyMlaXCt_2021-08-1409:07:46.208185+00:00gyIdJ.wav
error
mixture_283_qNsqBpKFyMlaXCt_2021-08-1408:19:12.148335+00:00VpQBt.wav
error
mixture_301_qNsqBpKFyMlaXCt_2021-08-1408:33:59.350357+00:00Clxxq.wav
error
mixture_315_qNsqBpKFyMlaXCt_2021-08-1409:06:54.265015+00:00jkCOS.wav
error
mixture_276_qNsqBpKFyMlaXCt_2021-08-1406:58:13.982776+00:00XmddP.wav
error
mixture_260_qNsqBpKFyMlaXCt_2021-08-1406:38:57.912762+00:00OpICO.wav
error
mixture_330_qNsqBpKFyMlaXCt_2021-08-1409:18:27.332557+00:00RYuum.wav
error
mixture_262_qNsqBpKFyMlaXCt_2021-08-1406:40:39.678058+00:00CQWzo.wav
error
mixture_307_qNsqBpKFyMlaXCt_2021-08-1409:01:30.970029+00:00ZaGCl.wav
error
mixture_247_qNsqBpKFyMlaXCt_2021-08-1405:30:59.268238+00:00iTOyO.wav
error
mixture_322_qNsqBpKFyMlaXCt_2021-08-1409:12:06.178261+00:00qVSYE.wav
error
mixture_327_qNsqBpKFyMlaXCt_2021-08-1409:16:09.193021+00:00HWCKC.wav
error
mixture_269_qNsqBpKFyMlaXCt_2021-08-1406:51:45.018292+00:00heHBJ.wav
error
mixture_323_qNsqBpKFyMlaXCt_2021-08-1409:12:42.089209+00:00NfPZk.wav
error
mixture_309_qNsqBpKFyMlaXCt_2021-08-1409:02:53.454470+00:00wnbDk.wav
error
mixture_265_qNsqBpKFyMlaXCt_2021-08-1406:43:15.027237+00:00TKKiV.wav
error
mixture_296_qNsqBpKFyMlaXCt_2021-08-1408:29:29.655540+00:00vGTsB.wav
error
mixture_266_qNsqBpKFyMlaXCt_2021-08-1406:43:57.939574+00:00BBNdG.wav
error
mixture_340_qNsqBpKFyMlaXCt_2021-08-1409:25:26.764252+00:00fFKEM.wav
error
mixture_339_qNsqBpKFyMlaXCt_2021-08-1409:24:18.395072+00:00RmmWe.wav
error
mixture_321_qNsqBpKFyMlaXCt_2021-08-1409:11:27.335735+00:00LNIxS.wav
error
mixture_297_qNsqBpKFyMlaXCt_2021-08-1408:30:11.024698+00:00GdGqM.wav
error
mixture_310_qNsqBpKFyMlaXCt_2021-08-1409:03:32.341499+00:00cUZZP.wav
error
mixture_326_qNsqBpKFyMlaXCt_2021-08-1409:15:22.042189+00:00vnCPo.wav
error
mixture_331_qNsqBpKFyMlaXCt_2021-08-1409:19:11.362586+00:00xxgeS.wav
error
mixture_290_qNsqBpKFyMlaXCt_2021-08-1408:24:14.555479+00:00BVtHX.wav
error
mixture_261_qNsqBpKFyMlaXCt_2021-08-1406:39:47.077530+00:00Twkdo.wav
error
mixture_305_qNsqBpKFyMlaXCt_2021-08-1409:00:10.633798+00:00oSGMd.wav
error
mixture_304_qNsqBpKFyMlaXCt_2021-08-1408:58:48.219657+00:00LmUsF.wav
error
mixture_280_qNsqBpKFyMlaXCt_2021-08-1408:17:03.208144+00:00yhXms.wav
error
mixture_318_qNsqBpKFyMlaXCt_2021-08-1409:09:32.500443+00:00ueYYQ.wav
error
mixture_259_qNsqBpKFyMlaXCt_2021-08-1405:41:54.345576+00:00joiOc.wav
error
mixture_253_qNsqBpKFyMlaXCt_2021-08-1405:36:59.708533+00:00UedBW.wav
error
mixture_248_qNsqBpKFyMlaXCt_2021-08-1405:32:06.526186+00:00czJqH.wav
error
mixture_325_qNsqBpKFyMlaXCt_2021-08-1409:14:45.000336+00:00rnIih.wav
error
mixture_293_qNsqBpKFyMlaXCt_2021-08-1408:26:41.533536+00:00XJVrv.wav
error
mixture_270_qNsqBpKFyMlaXCt_2021-08-1406:52:25.037813+00:00pVisK.wav
error
mixture_302_qNsqBpKFyMlaXCt_2021-08-1408:38:20.961703+00:00xJqqk.wav
error
mixture_272_dKEQJNfnlodeVQg_2021-08-1806:30:01.407112+00:00pUIMN.wav
error
mixture_268_dKEQJNfnlodeVQg_2021-08-1806:26:51.196769+00:00DSoCE.wav
error
mixture_267_dKEQJNfnlodeVQg_2021-08-1806:25:56.804054+00:00jJZoZ.wav
error
mixture_295_dKEQJNfnlodeVQg_2021-08-1806:47:34.805647+00:00UfVyF.wav
error
mixture_277_dKEQJNfnlodeVQg_2021-08-1806:33:33.823528+00:00HUtZK.wav
error
mixture_290_dKEQJNfnlodeVQg_2021-08-1806:44:28.643883+00:00tydKL.wav
error
mixture_232_dKEQJNfnlodeVQg_2021-08-1806:11:48.880782+00:00gwCSl.wav
error
mixture_297_dKEQJNfnlodeVQg_2021-08-1806:48:41.033878+00:00zCzJY.wav
error
mixture_285_dKEQJNfnlodeVQg_2021-08-1806:40:50.248622+00:00FnSqp.wav
error
mixture_294_dKEQJNfnlodeVQg_2021-08-1806:47:00.482046+00:00sHKky.wav
error
mixture_296_dKEQJNfnlodeVQg_2021-08-1806:48:08.641354+00:00rxteY.wav
error
mixture_182_dKEQJNfnlodeVQg_2021-08-1805:56:23.687241+00:00DcyMi.wav
error
mixture_238_dKEQJNfnlodeVQg_2021-08-1806:13:44.230940+00:00uTCRc.wav
error
mixture_271_dKEQJNfnlodeVQg_2021-08-1806:29:18.432626+00:00UfaBA.wav
error
mixture_256_dKEQJNfnlodeVQg_2021-08-1806:20:43.848950+00:00cRlGL.wav
error
mixture_286_dKEQJNfnlodeVQg_2021-08-1806:41:22.602983+00:00AXYvO.wav
error
mixture_298_dKEQJNfnlodeVQg_2021-08-1806:49:19.485948+00:00DghKv.wav
error
mixture_270_dKEQJNfnlodeVQg_2021-08-1806:28:00.598605+00:00DTJDT.wav
error
mixture_249_dKEQJNfnlodeVQg_2021-08-1806:17:23.322595+00:00VaMBd.wav
error
mixture_284_dKEQJNfnlodeVQg_2021-08-1806:40:01.953944+00:00OtobM.wav
error
mixture_269_dKEQJNfnlodeVQg_2021-08-1806:27:28.771051+00:00evrzW.wav
error
mixture_166_dKEQJNfnlodeVQg_2021-08-1805:49:08.315549+00:00lvIuU.wav
error
mixture_244_dKEQJNfnlodeVQg_2021-08-1806:14:55.315913+00:00lVghz.wav
error
mixture_207_dKEQJNfnlodeVQg_2021-08-1806:04:13.383561+00:00PKVpY.wav
error
mixture_259_dKEQJNfnlodeVQg_2021-08-1806:21:19.853412+00:00NskfF.wav
error
mixture_281_dKEQJNfnlodeVQg_2021-08-1806:37:18.677387+00:00dfkDe.wav
error
mixture_278_dKEQJNfnlodeVQg_2021-08-1806:34:28.428345+00:00bqIlN.wav
error
mixture_260_dKEQJNfnlodeVQg_2021-08-1806:21:50.359030+00:00noEJF.wav
error
mixture_180_dKEQJNfnlodeVQg_2021-08-1805:55:33.614215+00:00DQjTg.wav
error
mixture_282_dKEQJNfnlodeVQg_2021-08-1806:38:04.340848+00:00VjZou.wav
error
mixture_289_dKEQJNfnlodeVQg_2021-08-1806:43:25.452062+00:00vxPtH.wav
error
mixture_251_dKEQJNfnlodeVQg_2021-08-1806:18:37.284940+00:00ckSWF.wav
error
mixture_302_dKEQJNfnlodeVQg_2021-08-1806:51:48.692027+00:00xdwce.wav
error
mixture_171_dKEQJNfnlodeVQg_2021-08-1805:52:22.946083+00:00cmOeG.wav
error
mixture_168_dKEQJNfnlodeVQg_2021-08-1805:51:05.660594+00:00gCYVM.wav
error
mixture_188_dKEQJNfnlodeVQg_2021-08-1805:58:57.808083+00:00JLgEb.wav
error
mixture_190_dKEQJNfnlodeVQg_2021-08-1805:59:33.222853+00:00VyIBT.wav
error
mixture_283_dKEQJNfnlodeVQg_2021-08-1806:39:03.691405+00:00eHzTN.wav
error
mixture_288_dKEQJNfnlodeVQg_2021-08-1806:42:54.301241+00:00QfrHh.wav
error
mixture_197_dKEQJNfnlodeVQg_2021-08-1806:01:17.701071+00:00sHEIp.wav
error
mixture_174_dKEQJNfnlodeVQg_2021-08-1805:53:44.249449+00:00qZCSr.wav
error
mixture_164_dKEQJNfnlodeVQg_2021-08-1805:46:27.831231+00:00uimrq.wav
error
mixture_275_dKEQJNfnlodeVQg_2021-08-1806:32:30.576773+00:00ddRui.wav
error
mixture_199_dKEQJNfnlodeVQg_2021-08-1806:02:21.244808+00:00vCMFW.wav
error
mixture_216_dKEQJNfnlodeVQg_2021-08-1806:08:26.268895+00:00VFLBh.wav
error
mixture_292_dKEQJNfnlodeVQg_2021-08-1806:45:27.924294+00:00FSXQj.wav
error
mixture_261_dKEQJNfnlodeVQg_2021-08-1806:22:19.886546+00:00PdoNW.wav
error
mixture_248_dKEQJNfnlodeVQg_2021-08-1806:16:47.940569+00:00BmkpA.wav
error
mixture_194_dKEQJNfnlodeVQg_2021-08-1806:00:46.914523+00:00BYwbd.wav
error
mixture_236_dKEQJNfnlodeVQg_2021-08-1806:12:47.488758+00:00bJJhg.wav
error
mixture_291_dKEQJNfnlodeVQg_2021-08-1806:45:01.019664+00:00ZfqiG.wav
error
mixture_299_dKEQJNfnlodeVQg_2021-08-1806:49:59.858105+00:00qPnUd.wav
error
mixture_265_dKEQJNfnlodeVQg_2021-08-1806:24:48.261264+00:00sMfLT.wav
error
mixture_204_dKEQJNfnlodeVQg_2021-08-1806:03:35.447765+00:00vsnLg.wav
error
mixture_184_dKEQJNfnlodeVQg_2021-08-1805:57:42.725018+00:00DnKZS.wav
error
mixture_208_dKEQJNfnlodeVQg_2021-08-1806:05:23.625163+00:00VNWYl.wav
error
mixture_210_dKEQJNfnlodeVQg_2021-08-1806:06:53.096752+00:00ZDHCE.wav
error
mixture_279_dKEQJNfnlodeVQg_2021-08-1806:35:50.614578+00:00lXzPE.wav
error
mixture_177_dKEQJNfnlodeVQg_2021-08-1805:54:28.612977+00:00TUPSi.wav
error
mixture_303_dKEQJNfnlodeVQg_2021-08-1806:52:39.159796+00:00hNJeM.wav
error
mixture_266_dKEQJNfnlodeVQg_2021-08-1806:25:22.996109+00:00GbjOz.wav
error
mixture_167_dKEQJNfnlodeVQg_2021-08-1805:49:52.079228+00:00XrGxQ.wav
error
mixture_220_dKEQJNfnlodeVQg_2021-08-1806:09:12.378665+00:00EkUgW.wav
error
mixture_301_dKEQJNfnlodeVQg_2021-08-1806:51:10.426322+00:00ehucw.wav
error
mixture_253_dKEQJNfnlodeVQg_2021-08-1806:19:42.761463+00:00hMOGN.wav
error
mixture_263_dKEQJNfnlodeVQg_2021-08-1806:23:39.004309+00:00BEgMb.wav
error
mixture_186_dKEQJNfnlodeVQg_2021-08-1805:58:19.603601+00:00umUaY.wav
error
mixture_235_dKEQJNfnlodeVQg_2021-08-1806:12:21.799718+00:00XDLjm.wav
error
mixture_209_dKEQJNfnlodeVQg_2021-08-1806:05:54.657676+00:00KYBzr.wav
error
mixture_246_dKEQJNfnlodeVQg_2021-08-1806:16:02.154386+00:00GeiII.wav
error
mixture_223_dKEQJNfnlodeVQg_2021-08-1806:09:42.519921+00:00UBtpB.wav
error
mixture_163_dKEQJNfnlodeVQg_2021-08-1805:45:29.596036+00:00Pwran.wav
error
mixture_212_dKEQJNfnlodeVQg_2021-08-1806:07:34.510861+00:00sBPJm.wav
error
mixture_202_dKEQJNfnlodeVQg_2021-08-1806:03:01.151110+00:00PQFen.wav
error
mixture_304_dKEQJNfnlodeVQg_2021-08-1806:53:21.534620+00:00bWtrm.wav
error
mixture_192_dKEQJNfnlodeVQg_2021-08-1806:00:10.880527+00:00OPywY.wav
error
mixture_276_dKEQJNfnlodeVQg_2021-08-1806:33:03.791066+00:00nUsMg.wav
error
mixture_273_dKEQJNfnlodeVQg_2021-08-1806:30:50.463298+00:00lsZxH.wav
error
mixture_287_dKEQJNfnlodeVQg_2021-08-1806:42:08.869929+00:00SpiED.wav
error
mixture_229_dKEQJNfnlodeVQg_2021-08-1806:11:10.421526+00:00RRxra.wav
error
mixture_240_dKEQJNfnlodeVQg_2021-08-1806:14:18.068309+00:00IuHYH.wav
error
mixture_252_dKEQJNfnlodeVQg_2021-08-1806:19:11.437722+00:00OofdG.wav
error
mixture_169_dKEQJNfnlodeVQg_2021-08-1805:51:44.297082+00:00BkzZu.wav
error
mixture_165_dKEQJNfnlodeVQg_2021-08-1805:47:41.842811+00:00PcgVR.wav
error
mixture_293_dKEQJNfnlodeVQg_2021-08-1806:46:14.745121+00:00sVbMq.wav
error
mixture_250_dKEQJNfnlodeVQg_2021-08-1806:18:01.513921+00:00jQxvE.wav
error
mixture_274_dKEQJNfnlodeVQg_2021-08-1806:31:54.658100+00:00rgVcd.wav
error
mixture_300_dKEQJNfnlodeVQg_2021-08-1806:50:36.804160+00:00TcYvN.wav
error
mixture_280_dKEQJNfnlodeVQg_2021-08-1806:36:41.387038+00:00uPOOo.wav
error
mixture_262_dKEQJNfnlodeVQg_2021-08-1806:23:01.525171+00:00GqhlQ.wav
error
mixture_264_dKEQJNfnlodeVQg_2021-08-1806:24:12.052238+00:00bTTwb.wav
error
mixture_254_dKEQJNfnlodeVQg_2021-08-1806:20:15.059032+00:00lQHEa.wav
error
mixture_438_DPdjdzZKEqRflno_2021-08-2015:02:47.989734+00:00HvqZi.wav
error
mixture_441_SujwpNlDOwxFGlB_2021-08-1612:59:58.920069+00:00gkRTB.wav
error
mixture_440_SujwpNlDOwxFGlB_2021-08-1612:58:36.640820+00:00UVOvj.wav
error
mixture_439_SujwpNlDOwxFGlB_2021-08-1612:55:29.790577+00:00DUyDO.wav
error
mixture_445_SujwpNlDOwxFGlB_2021-08-1613:19:34.534892+00:00RodBk.wav
error
mixture_444_SujwpNlDOwxFGlB_2021-08-1613:10:46.789519+00:00ZQbKf.wav
error
mixture_446_SujwpNlDOwxFGlB_2021-08-1613:23:18.558341+00:00QKsca.wav
error
mixture_442_SujwpNlDOwxFGlB_2021-08-1613:01:59.064171+00:00LBZNU.wav
error
mixture_443_SujwpNlDOwxFGlB_2021-08-1613:03:12.472264+00:00VkUyg.wav
error
mixture_129_FNvejalmPucMcBT_2021-08-0903:51:40.174383+00:00MFycX.wav
error
mixture_463_yNuFIKOlbIUEWaQ_2021-08-1616:05:15.578254+00:00yPQpN.wav
error
mixture_465_yNuFIKOlbIUEWaQ_2021-08-1616:08:37.055821+00:00XrSez.wav
error
mixture_466_yNuFIKOlbIUEWaQ_2021-08-1616:10:50.585782+00:00wFOCr.wav
error
mixture_458_yNuFIKOlbIUEWaQ_2021-08-1615:56:50.711480+00:00JMlnA.wav
error
mixture_464_yNuFIKOlbIUEWaQ_2021-08-1616:06:26.198490+00:00nQMJQ.wav
error
mixture_457_yNuFIKOlbIUEWaQ_2021-08-1615:54:50.967143+00:00fteji.wav
error
mixture_460_yNuFIKOlbIUEWaQ_2021-08-1615:59:11.037451+00:00lWxEu.wav
error
mixture_461_yNuFIKOlbIUEWaQ_2021-08-1616:00:10.316326+00:00QHZNi.wav
error
mixture_459_yNuFIKOlbIUEWaQ_2021-08-1615:58:08.077358+00:00AzJcJ.wav
error
mixture_462_yNuFIKOlbIUEWaQ_2021-08-1616:02:45.050538+00:00GsicC.wav
error
early_collection3_mixture_19.wav
error
early_collection3_mixture_5.wav
error
early_collection3_mixture_2.wav
error
early_collection3_mixture_4.wav
error
early_collection3_mixture_21.wav
error
early_collection3_mixture_10.wav
error
early_collection3_mixture_25.wav
error
early_collection3_mixture_23.wav
error
early_collection3_mixture_7.wav
error
early_collection3_mixture_22.wav
error
early_collection3_mixture_8.wav
error
early_collection3_mixture_24.wav
error
early_collection3_mixture_14.wav
error
early_collection3_mixture_18.wav
error
early_collection3_mixture_15.wav
error
early_collection3_mixture_17.wav
error
early_collection3_mixture_28.wav
error
early_collection3_mixture_29.wav
error
early_collection3_mixture_3.wav
error
early_collection3_mixture_26.wav
error
early_collection3_mixture_12.wav
error
early_collection3_mixture_0.wav
error
early_collection3_mixture_11.wav
error
early_collection3_mixture_9.wav
error
early_collection3_mixture_20.wav
error
early_collection3_mixture_6.wav
error
early_collection3_mixture_13.wav
error
early_collection3_mixture_1.wav
error
early_collection3_mixture_16.wav
error
early_collection3_mixture_27.wav
error
mixture_120_JepVwZPtoPAPJoi_2021-08-0818:34:22.003892+00:00LXOhq.wav
error
mixture_121_JepVwZPtoPAPJoi_2021-08-0818:36:23.344977+00:00gsiPi.wav
error
mixture_125_JepVwZPtoPAPJoi_2021-08-0818:49:25.370636+00:00aecfq.wav
error
mixture_124_JepVwZPtoPAPJoi_2021-08-0818:44:22.563483+00:00RhqYO.wav
error
mixture_119_JepVwZPtoPAPJoi_2021-08-0818:28:16.460830+00:00LrSoe.wav
error
mixture_122_JepVwZPtoPAPJoi_2021-08-0818:37:41.769292+00:00rzids.wav
error
mixture_123_JepVwZPtoPAPJoi_2021-08-0818:40:20.488104+00:00bFRzU.wav
error
mixture_111_aCuPKFNALlIVbOl.wav
error
mixture_100_EKehzKeCGJFLFkj.wav
error
mixture_110_EKehzKeCGJFLFkj.wav
error
mixture_107_EKehzKeCGJFLFkj.wav
error
mixture_102_EKehzKeCGJFLFkj.wav
error
mixture_103_EKehzKeCGJFLFkj.wav
error
mixture_109_EKehzKeCGJFLFkj.wav
error
mixture_106_EKehzKeCGJFLFkj.wav
error
mixture_99_EKehzKeCGJFLFkj.wav
error
mixture_105_EKehzKeCGJFLFkj.wav
error
mixture_96_EKehzKeCGJFLFkj.wav
error
mixture_104_EKehzKeCGJFLFkj.wav
error
mixture_101_EKehzKeCGJFLFkj.wav
error
mixture_108_EKehzKeCGJFLFkj.wav
error
mixture_97_EKehzKeCGJFLFkj.wav
error
mixture_98_EKehzKeCGJFLFkj.wav
error
mixture_156_MiDZPEGrCVZwMPu_2021-08-1715:23:20.112959+00:00yfsRl.wav
error
mixture_353_xJgXmghhCQnuNEJ_2021-08-1421:35:00.538259+00:00GfxIJ.wav
error
mixture_352_xJgXmghhCQnuNEJ_2021-08-1421:34:10.524231+00:00XmnQr.wav
error
mixture_354_xJgXmghhCQnuNEJ_2021-08-1421:35:55.839080+00:00UcxAv.wav
error
mixture_465_xvrpQwyPCbKRmmQ_2021-08-2023:34:17.954560+00:00XFfsK.wav
error
mixture_63_CPFryOYZvKXFuTU_2021-08-2223:03:42.142017+00:00fqIMu.wav
error
mixture_19_vzvyvJWJExsITFe.wav
error
mixture_30_vzvyvJWJExsITFe.wav
error
mixture_27_vzvyvJWJExsITFe.wav
error
mixture_31_vzvyvJWJExsITFe.wav
error
mixture_28_vzvyvJWJExsITFe.wav
error
mixture_21_vzvyvJWJExsITFe.wav
error
mixture_25_vzvyvJWJExsITFe.wav
error
mixture_23_vzvyvJWJExsITFe.wav
error
mixture_26_vzvyvJWJExsITFe.wav
error
mixture_17_vzvyvJWJExsITFe.wav
error
mixture_29_vzvyvJWJExsITFe.wav
error
mixture_32_vzvyvJWJExsITFe.wav
error
mixture_24_vzvyvJWJExsITFe.wav
error
mixture_22_vzvyvJWJExsITFe.wav
error
mixture_33_vzvyvJWJExsITFe.wav
error
mixture_20_vzvyvJWJExsITFe.wav
error
mixture_14_vzvyvJWJExsITFe.wav
error
mixture_15_vzvyvJWJExsITFe.wav
error
mixture_18_vzvyvJWJExsITFe.wav
error
mixture_16_vzvyvJWJExsITFe.wav
error
mixture_493_pbGBXBGRPyiSWYI_2021-08-1705:33:46.807191+00:00JMVvL.wav
error
mixture_480_pbGBXBGRPyiSWYI_2021-08-1701:31:05.522234+00:00leUtl.wav
error
mixture_477_pbGBXBGRPyiSWYI_2021-08-1701:25:29.961884+00:00NJJtL.wav
error
mixture_492_pbGBXBGRPyiSWYI_2021-08-1705:31:13.747294+00:00gydKl.wav
error
mixture_481_pbGBXBGRPyiSWYI_2021-08-1701:31:54.743312+00:00InGXV.wav
error
mixture_473_pbGBXBGRPyiSWYI_2021-08-1701:17:16.172378+00:00VIvKc.wav
error
mixture_483_pbGBXBGRPyiSWYI_2021-08-1701:33:39.639124+00:00XECOI.wav
error
mixture_479_pbGBXBGRPyiSWYI_2021-08-1701:26:53.835092+00:00yFeUE.wav
error
mixture_475_pbGBXBGRPyiSWYI_2021-08-1701:20:29.441102+00:00qeazY.wav
error
mixture_476_pbGBXBGRPyiSWYI_2021-08-1701:23:06.657862+00:00AnMca.wav
error
mixture_484_pbGBXBGRPyiSWYI_2021-08-1701:34:18.136485+00:00napHV.wav
error
mixture_482_pbGBXBGRPyiSWYI_2021-08-1701:32:31.052212+00:00tmCmY.wav
error
mixture_485_pbGBXBGRPyiSWYI_2021-08-1701:34:55.787758+00:00jgolv.wav
error
mixture_496_pbGBXBGRPyiSWYI_2021-08-1705:38:20.958046+00:00QPwRX.wav
error
mixture_495_pbGBXBGRPyiSWYI_2021-08-1705:37:23.159419+00:00NxHJy.wav
error
mixture_490_pbGBXBGRPyiSWYI_2021-08-1705:19:29.143184+00:00hSXOs.wav
error
mixture_478_pbGBXBGRPyiSWYI_2021-08-1701:26:16.719555+00:00FfFrm.wav
error
mixture_474_pbGBXBGRPyiSWYI_2021-08-1701:18:05.476683+00:00PvFrM.wav
error
mixture_472_pbGBXBGRPyiSWYI_2021-08-1701:16:16.315972+00:00xujNZ.wav
error
mixture_491_pbGBXBGRPyiSWYI_2021-08-1705:21:27.915873+00:00senCc.wav
error
mixture_494_pbGBXBGRPyiSWYI_2021-08-1705:36:13.152194+00:00buZgA.wav
error
mixture_471_zELMjYvftFkbNYM_2021-08-1617:01:40.886929+00:00XkTjN.wav
error
mixture_35_pgGNnCneHkzQyet_2021-08-2209:50:55.867277+00:00NmEqn.wav
error
mixture_18_pgGNnCneHkzQyet_2021-08-2121:45:32.607637+00:00UqGOk.wav
error
mixture_23_pgGNnCneHkzQyet_2021-08-2122:30:07.636572+00:00xIqnH.wav
error
mixture_16_pgGNnCneHkzQyet_2021-08-2121:40:14.153382+00:00Agggx.wav
error
mixture_15_pgGNnCneHkzQyet_2021-08-2121:37:45.175473+00:00iDJRl.wav
error
mixture_33_pgGNnCneHkzQyet_2021-08-2209:45:13.971500+00:00dGNdz.wav
error
mixture_562_pgGNnCneHkzQyet_2021-08-2121:14:21.399767+00:00eSSlE.wav
error
mixture_22_pgGNnCneHkzQyet_2021-08-2122:26:18.558144+00:00zSgUa.wav
error
mixture_564_pgGNnCneHkzQyet_2021-08-2121:18:27.328652+00:00qgSjr.wav
error
mixture_37_pgGNnCneHkzQyet_2021-08-2211:06:16.136054+00:00gfVeq.wav
error
mixture_24_pgGNnCneHkzQyet_2021-08-2122:34:42.363915+00:00abaOm.wav
error
mixture_34_pgGNnCneHkzQyet_2021-08-2209:48:27.672080+00:00TIXHK.wav
error
mixture_1_pgGNnCneHkzQyet_2021-08-2121:23:29.636233+00:00NQIZU.wav
error
mixture_19_pgGNnCneHkzQyet_2021-08-2122:18:05.140844+00:00zSJgC.wav
error
mixture_17_pgGNnCneHkzQyet_2021-08-2121:42:19.487293+00:00sbZDO.wav
error
mixture_21_pgGNnCneHkzQyet_2021-08-2122:23:26.642453+00:00gynpQ.wav
error
mixture_12_pgGNnCneHkzQyet_2021-08-2121:31:16.300591+00:00uVnXx.wav
error
mixture_36_pgGNnCneHkzQyet_2021-08-2210:56:50.144264+00:00tHmko.wav
error
mixture_226_HvJGnyigsqnJvEB_2021-08-1200:29:00.805086+00:00IOANA.wav
error
mixture_225_HvJGnyigsqnJvEB_2021-08-1200:26:06.619443+00:00auCtm.wav
error
mixture_224_HvJGnyigsqnJvEB_2021-08-1200:24:26.238444+00:00Jtqaq.wav
error
mixture_223_HvJGnyigsqnJvEB_2021-08-1200:20:17.621445+00:00xtFrf.wav
error
mixture_222_HvJGnyigsqnJvEB_2021-08-1200:17:41.885487+00:00nBPiR.wav
error
mixture_427_FDZZKxpSMFzayGt_2021-08-1603:06:45.952635+00:00nXecb.wav
error
mixture_428_FDZZKxpSMFzayGt_2021-08-1603:08:19.091711+00:00MYXmb.wav
error
mixture_426_FDZZKxpSMFzayGt_2021-08-1603:04:38.959639+00:00swfFQ.wav
error
mixture_467_QgyGsNavvTRKrGm_2021-08-1616:49:32.862250+00:00GjjHE.wav
error
mixture_157_klbnikNAQnwBlPf_2021-08-1715:32:01.100748+00:00yEipf.wav
error
mixture_236_POvGQBqfhiiBnWR_2021-08-1315:37:35.768766+00:00bUUlL.wav
error
mixture_235_POvGQBqfhiiBnWR_2021-08-1315:36:06.030281+00:00eOKfv.wav
error
mixture_234_POvGQBqfhiiBnWR_2021-08-1315:35:03.865582+00:00rlZfy.wav
error
mixture_238_POvGQBqfhiiBnWR_2021-08-1315:40:21.816213+00:00mvNxU.wav
error
mixture_237_POvGQBqfhiiBnWR_2021-08-1315:39:11.346853+00:00yWdMR.wav
error
mixture_469_VrFFHNLFhJvUTOb_2021-08-1616:54:56.456889+00:00kyvLr.wav
error
mixture_470_VrFFHNLFhJvUTOb_2021-08-1616:56:50.665145+00:00BPRXH.wav
error
mixture_468_VrFFHNLFhJvUTOb_2021-08-1616:51:37.539872+00:00wnCUi.wav
error
mixture_448_NztYxNjyCSzUAjT_2021-08-2017:02:24.409992+00:00DtWNd.wav
error
mixture_449_NztYxNjyCSzUAjT_2021-08-2017:03:13.924204+00:00konaO.wav
error
mixture_441_NztYxNjyCSzUAjT_2021-08-2016:55:44.016505+00:00fuWUT.wav
error
mixture_456_NztYxNjyCSzUAjT_2021-08-2017:11:09.242474+00:00zTLov.wav
error
mixture_461_NztYxNjyCSzUAjT_2021-08-2017:13:54.888729+00:00IjNWd.wav
error
mixture_458_NztYxNjyCSzUAjT_2021-08-2017:12:20.675141+00:00nMZpx.wav
error
mixture_464_NztYxNjyCSzUAjT_2021-08-2017:16:12.086507+00:00sFLGb.wav
error
mixture_447_NztYxNjyCSzUAjT_2021-08-2017:01:27.392796+00:00oQsmw.wav
error
mixture_443_NztYxNjyCSzUAjT_2021-08-2016:57:06.013788+00:00xoyOy.wav
error
mixture_452_NztYxNjyCSzUAjT_2021-08-2017:08:38.461084+00:00OXFbn.wav
error
mixture_459_NztYxNjyCSzUAjT_2021-08-2017:12:42.212607+00:00tjNvx.wav
error
mixture_445_NztYxNjyCSzUAjT_2021-08-2016:59:22.930927+00:00iefTA.wav
error
mixture_440_NztYxNjyCSzUAjT_2021-08-2016:54:53.429983+00:00mWueL.wav
error
mixture_463_NztYxNjyCSzUAjT_2021-08-2017:15:12.463293+00:00pVRKM.wav
error
mixture_462_NztYxNjyCSzUAjT_2021-08-2017:14:36.431310+00:00ZMrAE.wav
error
mixture_454_NztYxNjyCSzUAjT_2021-08-2017:10:07.057545+00:00VHlTC.wav
error
mixture_451_NztYxNjyCSzUAjT_2021-08-2017:07:52.614045+00:00itdYR.wav
error
mixture_455_NztYxNjyCSzUAjT_2021-08-2017:10:33.310817+00:00GoeCC.wav
error
mixture_444_NztYxNjyCSzUAjT_2021-08-2016:58:44.221492+00:00ZqxPO.wav
error
mixture_450_NztYxNjyCSzUAjT_2021-08-2017:07:14.205463+00:00kLCpD.wav
error
mixture_457_NztYxNjyCSzUAjT_2021-08-2017:11:45.362199+00:00LWnaA.wav
error
mixture_453_NztYxNjyCSzUAjT_2021-08-2017:09:15.755918+00:00ORZAv.wav
error
mixture_446_NztYxNjyCSzUAjT_2021-08-2016:59:58.571914+00:00oNRyB.wav
error
mixture_439_NztYxNjyCSzUAjT_2021-08-2016:54:00.351310+00:00HWACS.wav
error
mixture_442_NztYxNjyCSzUAjT_2021-08-2016:56:28.582468+00:00nekgG.wav
error
mixture_460_NztYxNjyCSzUAjT_2021-08-2017:13:26.626515+00:00HwTlG.wav
error
mixture_242_CbvplGzltyYHorH_2021-08-1402:30:12.379832+00:00wYxaJ.wav
error
mixture_49_TiVfjOyWSWpXqqB_2021-08-2220:59:47.214401+00:00alAhW.wav
error
mixture_55_TiVfjOyWSWpXqqB_2021-08-2221:04:08.654297+00:00SDymB.wav
error
mixture_58_TiVfjOyWSWpXqqB_2021-08-2221:05:54.608752+00:00gfXDy.wav
error
mixture_56_TiVfjOyWSWpXqqB_2021-08-2221:04:39.998141+00:00czaHL.wav
error
mixture_50_TiVfjOyWSWpXqqB_2021-08-2221:00:28.398776+00:00SDVPi.wav
error
mixture_46_TiVfjOyWSWpXqqB_2021-08-2220:57:33.892653+00:00wUlKA.wav
error
mixture_57_TiVfjOyWSWpXqqB_2021-08-2221:05:19.539582+00:00nSSGT.wav
error
mixture_51_TiVfjOyWSWpXqqB_2021-08-2221:00:54.089855+00:00eSbOa.wav
error
mixture_44_TiVfjOyWSWpXqqB_2021-08-2220:55:41.175169+00:00YXeid.wav
error
mixture_52_TiVfjOyWSWpXqqB_2021-08-2221:01:34.473400+00:00PAKEI.wav
error
mixture_39_TiVfjOyWSWpXqqB_2021-08-2220:52:09.152397+00:00NoThx.wav
error
mixture_43_TiVfjOyWSWpXqqB_2021-08-2220:55:06.969872+00:00qZUUt.wav
error
mixture_40_TiVfjOyWSWpXqqB_2021-08-2220:52:56.896946+00:00VzSdj.wav
error
mixture_54_TiVfjOyWSWpXqqB_2021-08-2221:03:15.713210+00:00BUmbo.wav
error
mixture_53_TiVfjOyWSWpXqqB_2021-08-2221:02:31.853713+00:00RxBmv.wav
error
mixture_48_TiVfjOyWSWpXqqB_2021-08-2220:59:06.498193+00:00eCcwh.wav
error
mixture_42_TiVfjOyWSWpXqqB_2021-08-2220:54:26.040744+00:00radak.wav
error
mixture_38_TiVfjOyWSWpXqqB_2021-08-2220:51:21.240804+00:00yUdCw.wav
error
mixture_47_TiVfjOyWSWpXqqB_2021-08-2220:58:17.420133+00:00eAskL.wav
error
mixture_41_TiVfjOyWSWpXqqB_2021-08-2220:53:38.452868+00:00iGzmP.wav
error
mixture_45_TiVfjOyWSWpXqqB_2021-08-2220:56:59.860177+00:00TMOgC.wav
error
mixture_432_QdfCoNyZBjzSTBR_2021-08-1607:48:04.395081+00:00NsIuV.wav
error
mixture_434_QdfCoNyZBjzSTBR_2021-08-1607:49:49.082402+00:00JMqOr.wav
error
mixture_438_QdfCoNyZBjzSTBR_2021-08-1607:55:08.788315+00:00KPkmO.wav
error
mixture_437_QdfCoNyZBjzSTBR_2021-08-1607:53:37.667330+00:00zJyuf.wav
error
mixture_431_QdfCoNyZBjzSTBR_2021-08-1607:46:51.091311+00:00qhvGg.wav
error
mixture_435_QdfCoNyZBjzSTBR_2021-08-1607:50:49.708434+00:00TAJqD.wav
error
mixture_436_QdfCoNyZBjzSTBR_2021-08-1607:52:21.542936+00:00hwyRG.wav
error
mixture_429_QdfCoNyZBjzSTBR_2021-08-1607:43:58.940023+00:00EFFSc.wav
error
mixture_433_QdfCoNyZBjzSTBR_2021-08-1607:49:04.627652+00:00QzGSE.wav
error
mixture_430_QdfCoNyZBjzSTBR_2021-08-1607:45:00.996636+00:00DBjBh.wav
error
